#
# There is insufficient memory for the Java Runtime Environment to continue.
# Native memory allocation (malloc) failed to allocate 238576 bytes for Chunk::new
# Possible reasons:
#   The system is out of physical RAM or swap space
#   The process is running with CompressedOops enabled, and the Java Heap may be blocking the growth of the native heap
# Possible solutions:
#   Reduce memory load on the system
#   Increase physical memory or swap space
#   Check if swap backing store is full
#   Decrease Java heap size (-Xmx/-Xms)
#   Decrease number of Java threads
#   Decrease Java thread stack sizes (-Xss)
#   Set larger code cache with -XX:ReservedCodeCacheSize=
#   JVM is running with Unscaled Compressed Oops mode in which the Java heap is
#     placed in the first 4GB address space. The Java Heap base address is the
#     maximum limit for the native heap growth. Please use -XX:HeapBaseMinAddress
#     to set the Java Heap base and to place the Java Heap above 4GB virtual address.
# This output file may be truncated or incomplete.
#
#  Out of Memory Error (arena.cpp:168), pid=8732, tid=11428
#
# JRE version: Java(TM) SE Runtime Environment (21.0.1+12) (build 21.0.1+12-LTS-29)
# Java VM: Java HotSpot(TM) 64-Bit Server VM (21.0.1+12-LTS-29, mixed mode, sharing, tiered, compressed oops, compressed class ptrs, g1 gc, windows-amd64)
# No core dump will be written. Minidumps are not enabled by default on client versions of Windows
#

---------------  S U M M A R Y ------------

Command Line: -javaagent:C:\Program Files\JetBrains\IntelliJ IDEA Community Edition 2024.1\lib\idea_rt.jar=56938:C:\Program Files\JetBrains\IntelliJ IDEA Community Edition 2024.1\bin -Dfile.encoding=UTF-8 -Dsun.stdout.encoding=UTF-8 -Dsun.stderr.encoding=UTF-8 com.springboot.blog.SpringbootBlogRestApiApplication

Host: Intel(R) Core(TM) i5-10210U CPU @ 1.60GHz, 8 cores, 7G,  Windows 11 , 64 bit Build 22621 (10.0.22621.4391)
Time: Fri Nov 29 01:27:50 2024 India Standard Time elapsed time: 2.587384 seconds (0d 0h 0m 2s)

---------------  T H R E A D  ---------------

Current thread (0x000001a0c936d0f0):  JavaThread "C2 CompilerThread1" daemon [_thread_in_native, id=11428, stack(0x0000001f7d300000,0x0000001f7d400000) (1024K)]


Current CompileTask:
C2:   2587 2154       4       java.lang.invoke.MethodType::makeImpl (109 bytes)

Stack: [0x0000001f7d300000,0x0000001f7d400000]
Native frames: (J=compiled Java code, j=interpreted, Vv=VM code, C=native code)
V  [jvm.dll+0x6c9029]
V  [jvm.dll+0x854b81]
V  [jvm.dll+0x856e5e]
V  [jvm.dll+0x857543]
V  [jvm.dll+0x280c06]
V  [jvm.dll+0xc3ead]
V  [jvm.dll+0xc43c3]
V  [jvm.dll+0x5d4d79]
V  [jvm.dll+0x3824a4]
V  [jvm.dll+0x3818ea]
V  [jvm.dll+0x249ad0]
V  [jvm.dll+0x2490b1]
V  [jvm.dll+0x1c9ca1]
V  [jvm.dll+0x2586b9]
V  [jvm.dll+0x256c9a]
V  [jvm.dll+0x3ef1b6]
V  [jvm.dll+0x7fd728]
V  [jvm.dll+0x6c777d]
C  [ucrtbase.dll+0x29333]
C  [KERNEL32.DLL+0x1259d]
C  [ntdll.dll+0x5af38]


---------------  P R O C E S S  ---------------

Threads class SMR info:
_java_thread_list=0x000001a0ca58f6a0, length=16, elements={
0x000001a0e6a6ee20, 0x000001a0ff405ab0, 0x000001a0ff406ff0, 0x000001a0ff409640,
0x000001a0ff40a0a0, 0x000001a0ff40af10, 0x000001a0ff413be0, 0x000001a0ff419fb0,
0x000001a0ff41ab80, 0x000001a0ff3d1c80, 0x000001a0c936d0f0, 0x000001a0c93f2f00,
0x000001a0c94f5d70, 0x000001a0c996eda0, 0x000001a0c9cee130, 0x000001a0ca5b9fe0
}

Java Threads: ( => current thread )
  0x000001a0e6a6ee20 JavaThread "main"                              [_thread_blocked, id=2432, stack(0x0000001f7c100000,0x0000001f7c200000) (1024K)]
  0x000001a0ff405ab0 JavaThread "Reference Handler"          daemon [_thread_blocked, id=5000, stack(0x0000001f7ca00000,0x0000001f7cb00000) (1024K)]
  0x000001a0ff406ff0 JavaThread "Finalizer"                  daemon [_thread_blocked, id=11836, stack(0x0000001f7cb00000,0x0000001f7cc00000) (1024K)]
  0x000001a0ff409640 JavaThread "Signal Dispatcher"          daemon [_thread_blocked, id=8976, stack(0x0000001f7cc00000,0x0000001f7cd00000) (1024K)]
  0x000001a0ff40a0a0 JavaThread "Attach Listener"            daemon [_thread_blocked, id=7748, stack(0x0000001f7cd00000,0x0000001f7ce00000) (1024K)]
  0x000001a0ff40af10 JavaThread "Service Thread"             daemon [_thread_blocked, id=4816, stack(0x0000001f7ce00000,0x0000001f7cf00000) (1024K)]
  0x000001a0ff413be0 JavaThread "Monitor Deflation Thread"   daemon [_thread_blocked, id=13336, stack(0x0000001f7cf00000,0x0000001f7d000000) (1024K)]
  0x000001a0ff419fb0 JavaThread "C2 CompilerThread0"         daemon [_thread_in_native, id=976, stack(0x0000001f7d000000,0x0000001f7d100000) (1024K)]
  0x000001a0ff41ab80 JavaThread "C1 CompilerThread0"         daemon [_thread_in_native, id=3100, stack(0x0000001f7d100000,0x0000001f7d200000) (1024K)]
  0x000001a0ff3d1c80 JavaThread "Common-Cleaner"             daemon [_thread_blocked, id=11800, stack(0x0000001f7d200000,0x0000001f7d300000) (1024K)]
=>0x000001a0c936d0f0 JavaThread "C2 CompilerThread1"         daemon [_thread_in_native, id=11428, stack(0x0000001f7d300000,0x0000001f7d400000) (1024K)]
  0x000001a0c93f2f00 JavaThread "Monitor Ctrl-Break"         daemon [_thread_in_native, id=8320, stack(0x0000001f7d400000,0x0000001f7d500000) (1024K)]
  0x000001a0c94f5d70 JavaThread "Notification Thread"        daemon [_thread_blocked, id=11888, stack(0x0000001f7d500000,0x0000001f7d600000) (1024K)]
  0x000001a0c996eda0 JavaThread "Thread-0"                          [_thread_blocked, id=4448, stack(0x0000001f7d600000,0x0000001f7d700000) (1024K)]
  0x000001a0c9cee130 JavaThread "restartedMain"                     [_thread_in_vm, id=11784, stack(0x0000001f7d700000,0x0000001f7d800000) (1024K)]
  0x000001a0ca5b9fe0 JavaThread "C2 CompilerThread2"         daemon [_thread_in_native, id=6660, stack(0x0000001f7e000000,0x0000001f7e100000) (1024K)]
Total: 16

Other Threads:
  0x000001a0ff3e7970 VMThread "VM Thread"                           [id=14108, stack(0x0000001f7c800000,0x0000001f7c900000) (1024K)]
  0x000001a0ff3cfaa0 WatcherThread "VM Periodic Task Thread"        [id=14372, stack(0x0000001f7c700000,0x0000001f7c800000) (1024K)]
  0x000001a0e6ac6b00 WorkerThread "GC Thread#0"                     [id=5840, stack(0x0000001f7c200000,0x0000001f7c300000) (1024K)]
  0x000001a0c9e7f6d0 WorkerThread "GC Thread#1"                     [id=14356, stack(0x0000001f7d800000,0x0000001f7d900000) (1024K)]
  0x000001a0c9e7fe80 WorkerThread "GC Thread#2"                     [id=14892, stack(0x0000001f7d900000,0x0000001f7da00000) (1024K)]
  0x000001a0c993dcc0 WorkerThread "GC Thread#3"                     [id=9656, stack(0x0000001f7da00000,0x0000001f7db00000) (1024K)]
  0x000001a0c993e470 WorkerThread "GC Thread#4"                     [id=9072, stack(0x0000001f7db00000,0x0000001f7dc00000) (1024K)]
  0x000001a0c9984d00 WorkerThread "GC Thread#5"                     [id=10816, stack(0x0000001f7dc00000,0x0000001f7dd00000) (1024K)]
  0x000001a0c9f085c0 WorkerThread "GC Thread#6"                     [id=10956, stack(0x0000001f7dd00000,0x0000001f7de00000) (1024K)]
  0x000001a0c9f08d70 WorkerThread "GC Thread#7"                     [id=10892, stack(0x0000001f7de00000,0x0000001f7df00000) (1024K)]
  0x000001a0e6ad7e60 ConcurrentGCThread "G1 Main Marker"            [id=13416, stack(0x0000001f7c300000,0x0000001f7c400000) (1024K)]
  0x000001a0e6ad9000 WorkerThread "G1 Conc#0"                       [id=3964, stack(0x0000001f7c400000,0x0000001f7c500000) (1024K)]
  0x000001a0ff2a4500 ConcurrentGCThread "G1 Refine#0"               [id=15568, stack(0x0000001f7c500000,0x0000001f7c600000) (1024K)]
  0x000001a0e6b2d4c0 ConcurrentGCThread "G1 Service"                [id=16024, stack(0x0000001f7c600000,0x0000001f7c700000) (1024K)]
Total: 14

Threads with active compile tasks:
C2 CompilerThread0     2612 2221   !   4       java.net.URL::<init> (543 bytes)
C1 CompilerThread0     2612 2373       3       java.lang.invoke.InnerClassLambdaMetafactory$ForwardingMethodGenerator::generate (272 bytes)
C2 CompilerThread1     2612 2154       4       java.lang.invoke.MethodType::makeImpl (109 bytes)
C2 CompilerThread2     2612 2332       4       java.util.HashMap::resize (356 bytes)
Total: 4

VM state: not at safepoint (normal execution)

VM Mutex/Monitor currently owned by a thread: None

Heap address: 0x0000000082a00000, size: 2006 MB, Compressed Oops mode: 32-bit

CDS archive(s) mapped at: [0x000001a084000000-0x000001a084c90000-0x000001a084c90000), size 13172736, SharedBaseAddress: 0x000001a084000000, ArchiveRelocationMode: 1.
Compressed class space mapped at: 0x000001a085000000-0x000001a0c5000000, reserved size: 1073741824
Narrow klass base: 0x000001a084000000, Narrow klass shift: 0, Narrow klass range: 0x100000000

GC Precious Log:
 CardTable entry size: 512
 Card Set container configuration: InlinePtr #cards 5 size 8 Array Of Cards #cards 12 size 40 Howl #buckets 4 coarsen threshold 1843 Howl Bitmap #cards 512 size 80 coarsen threshold 460 Card regions per heap region 1 cards per card region 2048
 CPUs: 8 total, 8 available
 Memory: 8022M
 Large Page Support: Disabled
 NUMA Support: Disabled
 Compressed Oops: Enabled (32-bit)
 Heap Region Size: 1M
 Heap Min Capacity: 8M
 Heap Initial Capacity: 126M
 Heap Max Capacity: 2006M
 Pre-touch: Disabled
 Parallel Workers: 8
 Concurrent Workers: 2
 Concurrent Refinement Workers: 8
 Periodic GC: Disabled

Heap:
 garbage-first heap   total 129024K, used 31025K [0x0000000082a00000, 0x0000000100000000)
  region size 1024K, 25 young (25600K), 3 survivors (3072K)
 Metaspace       used 18802K, committed 19136K, reserved 1114112K
  class space    used 2285K, committed 2432K, reserved 1048576K

Heap Regions: E=young(eden), S=young(survivor), O=old, HS=humongous(starts), HC=humongous(continues), CS=collection set, F=free, TAMS=top-at-mark-start, PB=parsable bottom
|   0|0x0000000082a00000, 0x0000000082b00000, 0x0000000082b00000|100%|HS|  |TAMS 0x0000000082a00000| PB 0x0000000082a00000| Complete 
|   1|0x0000000082b00000, 0x0000000082c00000, 0x0000000082c00000|100%|HS|  |TAMS 0x0000000082b00000| PB 0x0000000082b00000| Complete 
|   2|0x0000000082c00000, 0x0000000082d00000, 0x0000000082d00000|100%| O|  |TAMS 0x0000000082c00000| PB 0x0000000082c00000| Untracked 
|   3|0x0000000082d00000, 0x0000000082e00000, 0x0000000082e00000|100%| O|  |TAMS 0x0000000082d00000| PB 0x0000000082d00000| Untracked 
|   4|0x0000000082e00000, 0x0000000082f00000, 0x0000000082f00000|100%| O|  |TAMS 0x0000000082e00000| PB 0x0000000082e00000| Untracked 
|   5|0x0000000082f00000, 0x0000000083000000, 0x0000000083000000|100%| O|  |TAMS 0x0000000082f00000| PB 0x0000000082f00000| Untracked 
|   6|0x0000000083000000, 0x0000000083100000, 0x0000000083100000|100%| O|  |TAMS 0x0000000083000000| PB 0x0000000083000000| Untracked 
|   7|0x0000000083100000, 0x000000008318bf08, 0x0000000083200000| 54%| O|  |TAMS 0x0000000083100000| PB 0x0000000083100000| Untracked 
|   8|0x0000000083200000, 0x0000000083200000, 0x0000000083300000|  0%| F|  |TAMS 0x0000000083200000| PB 0x0000000083200000| Untracked 
|   9|0x0000000083300000, 0x0000000083300000, 0x0000000083400000|  0%| F|  |TAMS 0x0000000083300000| PB 0x0000000083300000| Untracked 
|  10|0x0000000083400000, 0x0000000083400000, 0x0000000083500000|  0%| F|  |TAMS 0x0000000083400000| PB 0x0000000083400000| Untracked 
|  11|0x0000000083500000, 0x0000000083500000, 0x0000000083600000|  0%| F|  |TAMS 0x0000000083500000| PB 0x0000000083500000| Untracked 
|  12|0x0000000083600000, 0x0000000083600000, 0x0000000083700000|  0%| F|  |TAMS 0x0000000083600000| PB 0x0000000083600000| Untracked 
|  13|0x0000000083700000, 0x0000000083700000, 0x0000000083800000|  0%| F|  |TAMS 0x0000000083700000| PB 0x0000000083700000| Untracked 
|  14|0x0000000083800000, 0x0000000083800000, 0x0000000083900000|  0%| F|  |TAMS 0x0000000083800000| PB 0x0000000083800000| Untracked 
|  15|0x0000000083900000, 0x0000000083900000, 0x0000000083a00000|  0%| F|  |TAMS 0x0000000083900000| PB 0x0000000083900000| Untracked 
|  16|0x0000000083a00000, 0x0000000083a00000, 0x0000000083b00000|  0%| F|  |TAMS 0x0000000083a00000| PB 0x0000000083a00000| Untracked 
|  17|0x0000000083b00000, 0x0000000083b00000, 0x0000000083c00000|  0%| F|  |TAMS 0x0000000083b00000| PB 0x0000000083b00000| Untracked 
|  18|0x0000000083c00000, 0x0000000083c00000, 0x0000000083d00000|  0%| F|  |TAMS 0x0000000083c00000| PB 0x0000000083c00000| Untracked 
|  19|0x0000000083d00000, 0x0000000083d00000, 0x0000000083e00000|  0%| F|  |TAMS 0x0000000083d00000| PB 0x0000000083d00000| Untracked 
|  20|0x0000000083e00000, 0x0000000083e00000, 0x0000000083f00000|  0%| F|  |TAMS 0x0000000083e00000| PB 0x0000000083e00000| Untracked 
|  21|0x0000000083f00000, 0x0000000083f00000, 0x0000000084000000|  0%| F|  |TAMS 0x0000000083f00000| PB 0x0000000083f00000| Untracked 
|  22|0x0000000084000000, 0x0000000084000000, 0x0000000084100000|  0%| F|  |TAMS 0x0000000084000000| PB 0x0000000084000000| Untracked 
|  23|0x0000000084100000, 0x0000000084100000, 0x0000000084200000|  0%| F|  |TAMS 0x0000000084100000| PB 0x0000000084100000| Untracked 
|  24|0x0000000084200000, 0x0000000084200000, 0x0000000084300000|  0%| F|  |TAMS 0x0000000084200000| PB 0x0000000084200000| Untracked 
|  25|0x0000000084300000, 0x0000000084300000, 0x0000000084400000|  0%| F|  |TAMS 0x0000000084300000| PB 0x0000000084300000| Untracked 
|  26|0x0000000084400000, 0x0000000084400000, 0x0000000084500000|  0%| F|  |TAMS 0x0000000084400000| PB 0x0000000084400000| Untracked 
|  27|0x0000000084500000, 0x0000000084500000, 0x0000000084600000|  0%| F|  |TAMS 0x0000000084500000| PB 0x0000000084500000| Untracked 
|  28|0x0000000084600000, 0x0000000084600000, 0x0000000084700000|  0%| F|  |TAMS 0x0000000084600000| PB 0x0000000084600000| Untracked 
|  29|0x0000000084700000, 0x0000000084700000, 0x0000000084800000|  0%| F|  |TAMS 0x0000000084700000| PB 0x0000000084700000| Untracked 
|  30|0x0000000084800000, 0x0000000084800000, 0x0000000084900000|  0%| F|  |TAMS 0x0000000084800000| PB 0x0000000084800000| Untracked 
|  31|0x0000000084900000, 0x0000000084900000, 0x0000000084a00000|  0%| F|  |TAMS 0x0000000084900000| PB 0x0000000084900000| Untracked 
|  32|0x0000000084a00000, 0x0000000084a00000, 0x0000000084b00000|  0%| F|  |TAMS 0x0000000084a00000| PB 0x0000000084a00000| Untracked 
|  33|0x0000000084b00000, 0x0000000084b00000, 0x0000000084c00000|  0%| F|  |TAMS 0x0000000084b00000| PB 0x0000000084b00000| Untracked 
|  34|0x0000000084c00000, 0x0000000084c00000, 0x0000000084d00000|  0%| F|  |TAMS 0x0000000084c00000| PB 0x0000000084c00000| Untracked 
|  35|0x0000000084d00000, 0x0000000084d00000, 0x0000000084e00000|  0%| F|  |TAMS 0x0000000084d00000| PB 0x0000000084d00000| Untracked 
|  36|0x0000000084e00000, 0x0000000084e00000, 0x0000000084f00000|  0%| F|  |TAMS 0x0000000084e00000| PB 0x0000000084e00000| Untracked 
|  37|0x0000000084f00000, 0x0000000084f00000, 0x0000000085000000|  0%| F|  |TAMS 0x0000000084f00000| PB 0x0000000084f00000| Untracked 
|  38|0x0000000085000000, 0x0000000085000000, 0x0000000085100000|  0%| F|  |TAMS 0x0000000085000000| PB 0x0000000085000000| Untracked 
|  39|0x0000000085100000, 0x0000000085100000, 0x0000000085200000|  0%| F|  |TAMS 0x0000000085100000| PB 0x0000000085100000| Untracked 
|  40|0x0000000085200000, 0x0000000085200000, 0x0000000085300000|  0%| F|  |TAMS 0x0000000085200000| PB 0x0000000085200000| Untracked 
|  41|0x0000000085300000, 0x0000000085300000, 0x0000000085400000|  0%| F|  |TAMS 0x0000000085300000| PB 0x0000000085300000| Untracked 
|  42|0x0000000085400000, 0x0000000085400000, 0x0000000085500000|  0%| F|  |TAMS 0x0000000085400000| PB 0x0000000085400000| Untracked 
|  43|0x0000000085500000, 0x0000000085500000, 0x0000000085600000|  0%| F|  |TAMS 0x0000000085500000| PB 0x0000000085500000| Untracked 
|  44|0x0000000085600000, 0x0000000085600000, 0x0000000085700000|  0%| F|  |TAMS 0x0000000085600000| PB 0x0000000085600000| Untracked 
|  45|0x0000000085700000, 0x0000000085700000, 0x0000000085800000|  0%| F|  |TAMS 0x0000000085700000| PB 0x0000000085700000| Untracked 
|  46|0x0000000085800000, 0x0000000085800000, 0x0000000085900000|  0%| F|  |TAMS 0x0000000085800000| PB 0x0000000085800000| Untracked 
|  47|0x0000000085900000, 0x0000000085900000, 0x0000000085a00000|  0%| F|  |TAMS 0x0000000085900000| PB 0x0000000085900000| Untracked 
|  48|0x0000000085a00000, 0x0000000085a00000, 0x0000000085b00000|  0%| F|  |TAMS 0x0000000085a00000| PB 0x0000000085a00000| Untracked 
|  49|0x0000000085b00000, 0x0000000085b00000, 0x0000000085c00000|  0%| F|  |TAMS 0x0000000085b00000| PB 0x0000000085b00000| Untracked 
|  50|0x0000000085c00000, 0x0000000085c00000, 0x0000000085d00000|  0%| F|  |TAMS 0x0000000085c00000| PB 0x0000000085c00000| Untracked 
|  51|0x0000000085d00000, 0x0000000085d00000, 0x0000000085e00000|  0%| F|  |TAMS 0x0000000085d00000| PB 0x0000000085d00000| Untracked 
|  52|0x0000000085e00000, 0x0000000085e00000, 0x0000000085f00000|  0%| F|  |TAMS 0x0000000085e00000| PB 0x0000000085e00000| Untracked 
|  53|0x0000000085f00000, 0x0000000085f00000, 0x0000000086000000|  0%| F|  |TAMS 0x0000000085f00000| PB 0x0000000085f00000| Untracked 
|  54|0x0000000086000000, 0x0000000086000000, 0x0000000086100000|  0%| F|  |TAMS 0x0000000086000000| PB 0x0000000086000000| Untracked 
|  55|0x0000000086100000, 0x0000000086100000, 0x0000000086200000|  0%| F|  |TAMS 0x0000000086100000| PB 0x0000000086100000| Untracked 
|  56|0x0000000086200000, 0x0000000086200000, 0x0000000086300000|  0%| F|  |TAMS 0x0000000086200000| PB 0x0000000086200000| Untracked 
|  57|0x0000000086300000, 0x0000000086300000, 0x0000000086400000|  0%| F|  |TAMS 0x0000000086300000| PB 0x0000000086300000| Untracked 
|  58|0x0000000086400000, 0x0000000086400000, 0x0000000086500000|  0%| F|  |TAMS 0x0000000086400000| PB 0x0000000086400000| Untracked 
|  59|0x0000000086500000, 0x0000000086500000, 0x0000000086600000|  0%| F|  |TAMS 0x0000000086500000| PB 0x0000000086500000| Untracked 
|  60|0x0000000086600000, 0x0000000086600000, 0x0000000086700000|  0%| F|  |TAMS 0x0000000086600000| PB 0x0000000086600000| Untracked 
|  61|0x0000000086700000, 0x0000000086700000, 0x0000000086800000|  0%| F|  |TAMS 0x0000000086700000| PB 0x0000000086700000| Untracked 
|  62|0x0000000086800000, 0x0000000086800000, 0x0000000086900000|  0%| F|  |TAMS 0x0000000086800000| PB 0x0000000086800000| Untracked 
|  63|0x0000000086900000, 0x0000000086900000, 0x0000000086a00000|  0%| F|  |TAMS 0x0000000086900000| PB 0x0000000086900000| Untracked 
|  64|0x0000000086a00000, 0x0000000086a00000, 0x0000000086b00000|  0%| F|  |TAMS 0x0000000086a00000| PB 0x0000000086a00000| Untracked 
|  65|0x0000000086b00000, 0x0000000086b00000, 0x0000000086c00000|  0%| F|  |TAMS 0x0000000086b00000| PB 0x0000000086b00000| Untracked 
|  66|0x0000000086c00000, 0x0000000086c00000, 0x0000000086d00000|  0%| F|  |TAMS 0x0000000086c00000| PB 0x0000000086c00000| Untracked 
|  67|0x0000000086d00000, 0x0000000086d00000, 0x0000000086e00000|  0%| F|  |TAMS 0x0000000086d00000| PB 0x0000000086d00000| Untracked 
|  68|0x0000000086e00000, 0x0000000086e00000, 0x0000000086f00000|  0%| F|  |TAMS 0x0000000086e00000| PB 0x0000000086e00000| Untracked 
|  69|0x0000000086f00000, 0x0000000086f00000, 0x0000000087000000|  0%| F|  |TAMS 0x0000000086f00000| PB 0x0000000086f00000| Untracked 
|  70|0x0000000087000000, 0x0000000087000000, 0x0000000087100000|  0%| F|  |TAMS 0x0000000087000000| PB 0x0000000087000000| Untracked 
|  71|0x0000000087100000, 0x0000000087100000, 0x0000000087200000|  0%| F|  |TAMS 0x0000000087100000| PB 0x0000000087100000| Untracked 
|  72|0x0000000087200000, 0x0000000087200000, 0x0000000087300000|  0%| F|  |TAMS 0x0000000087200000| PB 0x0000000087200000| Untracked 
|  73|0x0000000087300000, 0x0000000087300000, 0x0000000087400000|  0%| F|  |TAMS 0x0000000087300000| PB 0x0000000087300000| Untracked 
|  74|0x0000000087400000, 0x0000000087400000, 0x0000000087500000|  0%| F|  |TAMS 0x0000000087400000| PB 0x0000000087400000| Untracked 
|  75|0x0000000087500000, 0x0000000087500000, 0x0000000087600000|  0%| F|  |TAMS 0x0000000087500000| PB 0x0000000087500000| Untracked 
|  76|0x0000000087600000, 0x0000000087600000, 0x0000000087700000|  0%| F|  |TAMS 0x0000000087600000| PB 0x0000000087600000| Untracked 
|  77|0x0000000087700000, 0x0000000087700000, 0x0000000087800000|  0%| F|  |TAMS 0x0000000087700000| PB 0x0000000087700000| Untracked 
|  78|0x0000000087800000, 0x0000000087800000, 0x0000000087900000|  0%| F|  |TAMS 0x0000000087800000| PB 0x0000000087800000| Untracked 
|  79|0x0000000087900000, 0x0000000087900000, 0x0000000087a00000|  0%| F|  |TAMS 0x0000000087900000| PB 0x0000000087900000| Untracked 
|  80|0x0000000087a00000, 0x0000000087a00000, 0x0000000087b00000|  0%| F|  |TAMS 0x0000000087a00000| PB 0x0000000087a00000| Untracked 
|  81|0x0000000087b00000, 0x0000000087b00000, 0x0000000087c00000|  0%| F|  |TAMS 0x0000000087b00000| PB 0x0000000087b00000| Untracked 
|  82|0x0000000087c00000, 0x0000000087c00000, 0x0000000087d00000|  0%| F|  |TAMS 0x0000000087c00000| PB 0x0000000087c00000| Untracked 
|  83|0x0000000087d00000, 0x0000000087d00000, 0x0000000087e00000|  0%| F|  |TAMS 0x0000000087d00000| PB 0x0000000087d00000| Untracked 
|  84|0x0000000087e00000, 0x0000000087e00000, 0x0000000087f00000|  0%| F|  |TAMS 0x0000000087e00000| PB 0x0000000087e00000| Untracked 
|  85|0x0000000087f00000, 0x0000000087f00000, 0x0000000088000000|  0%| F|  |TAMS 0x0000000087f00000| PB 0x0000000087f00000| Untracked 
|  86|0x0000000088000000, 0x0000000088000000, 0x0000000088100000|  0%| F|  |TAMS 0x0000000088000000| PB 0x0000000088000000| Untracked 
|  87|0x0000000088100000, 0x0000000088100000, 0x0000000088200000|  0%| F|  |TAMS 0x0000000088100000| PB 0x0000000088100000| Untracked 
|  88|0x0000000088200000, 0x0000000088200000, 0x0000000088300000|  0%| F|  |TAMS 0x0000000088200000| PB 0x0000000088200000| Untracked 
|  89|0x0000000088300000, 0x0000000088300000, 0x0000000088400000|  0%| F|  |TAMS 0x0000000088300000| PB 0x0000000088300000| Untracked 
|  90|0x0000000088400000, 0x00000000884c05d0, 0x0000000088500000| 75%| S|CS|TAMS 0x0000000088400000| PB 0x0000000088400000| Complete 
|  91|0x0000000088500000, 0x0000000088600000, 0x0000000088600000|100%| S|CS|TAMS 0x0000000088500000| PB 0x0000000088500000| Complete 
|  92|0x0000000088600000, 0x0000000088700000, 0x0000000088700000|100%| S|CS|TAMS 0x0000000088600000| PB 0x0000000088600000| Complete 
|  93|0x0000000088700000, 0x0000000088700000, 0x0000000088800000|  0%| F|  |TAMS 0x0000000088700000| PB 0x0000000088700000| Untracked 
|  94|0x0000000088800000, 0x0000000088800000, 0x0000000088900000|  0%| F|  |TAMS 0x0000000088800000| PB 0x0000000088800000| Untracked 
|  95|0x0000000088900000, 0x0000000088900000, 0x0000000088a00000|  0%| F|  |TAMS 0x0000000088900000| PB 0x0000000088900000| Untracked 
|  96|0x0000000088a00000, 0x0000000088a00000, 0x0000000088b00000|  0%| F|  |TAMS 0x0000000088a00000| PB 0x0000000088a00000| Untracked 
|  97|0x0000000088b00000, 0x0000000088b00000, 0x0000000088c00000|  0%| F|  |TAMS 0x0000000088b00000| PB 0x0000000088b00000| Untracked 
|  98|0x0000000088c00000, 0x0000000088c00000, 0x0000000088d00000|  0%| F|  |TAMS 0x0000000088c00000| PB 0x0000000088c00000| Untracked 
|  99|0x0000000088d00000, 0x0000000088d00000, 0x0000000088e00000|  0%| F|  |TAMS 0x0000000088d00000| PB 0x0000000088d00000| Untracked 
| 100|0x0000000088e00000, 0x0000000088e00000, 0x0000000088f00000|  0%| F|  |TAMS 0x0000000088e00000| PB 0x0000000088e00000| Untracked 
| 101|0x0000000088f00000, 0x0000000088f00000, 0x0000000089000000|  0%| F|  |TAMS 0x0000000088f00000| PB 0x0000000088f00000| Untracked 
| 102|0x0000000089000000, 0x0000000089000000, 0x0000000089100000|  0%| F|  |TAMS 0x0000000089000000| PB 0x0000000089000000| Untracked 
| 103|0x0000000089100000, 0x0000000089100000, 0x0000000089200000|  0%| F|  |TAMS 0x0000000089100000| PB 0x0000000089100000| Untracked 
| 104|0x0000000089200000, 0x000000008925a2c8, 0x0000000089300000| 35%| E|  |TAMS 0x0000000089200000| PB 0x0000000089200000| Complete 
| 105|0x0000000089300000, 0x0000000089400000, 0x0000000089400000|100%| E|CS|TAMS 0x0000000089300000| PB 0x0000000089300000| Complete 
| 106|0x0000000089400000, 0x0000000089500000, 0x0000000089500000|100%| E|CS|TAMS 0x0000000089400000| PB 0x0000000089400000| Complete 
| 107|0x0000000089500000, 0x0000000089600000, 0x0000000089600000|100%| E|CS|TAMS 0x0000000089500000| PB 0x0000000089500000| Complete 
| 108|0x0000000089600000, 0x0000000089700000, 0x0000000089700000|100%| E|CS|TAMS 0x0000000089600000| PB 0x0000000089600000| Complete 
| 109|0x0000000089700000, 0x0000000089800000, 0x0000000089800000|100%| E|  |TAMS 0x0000000089700000| PB 0x0000000089700000| Complete 
| 110|0x0000000089800000, 0x0000000089900000, 0x0000000089900000|100%| E|CS|TAMS 0x0000000089800000| PB 0x0000000089800000| Complete 
| 111|0x0000000089900000, 0x0000000089a00000, 0x0000000089a00000|100%| E|CS|TAMS 0x0000000089900000| PB 0x0000000089900000| Complete 
| 112|0x0000000089a00000, 0x0000000089b00000, 0x0000000089b00000|100%| E|CS|TAMS 0x0000000089a00000| PB 0x0000000089a00000| Complete 
| 113|0x0000000089b00000, 0x0000000089c00000, 0x0000000089c00000|100%| E|CS|TAMS 0x0000000089b00000| PB 0x0000000089b00000| Complete 
| 114|0x0000000089c00000, 0x0000000089d00000, 0x0000000089d00000|100%| E|CS|TAMS 0x0000000089c00000| PB 0x0000000089c00000| Complete 
| 115|0x0000000089d00000, 0x0000000089e00000, 0x0000000089e00000|100%| E|CS|TAMS 0x0000000089d00000| PB 0x0000000089d00000| Complete 
| 116|0x0000000089e00000, 0x0000000089f00000, 0x0000000089f00000|100%| E|CS|TAMS 0x0000000089e00000| PB 0x0000000089e00000| Complete 
| 117|0x0000000089f00000, 0x000000008a000000, 0x000000008a000000|100%| E|CS|TAMS 0x0000000089f00000| PB 0x0000000089f00000| Complete 
| 118|0x000000008a000000, 0x000000008a100000, 0x000000008a100000|100%| E|CS|TAMS 0x000000008a000000| PB 0x000000008a000000| Complete 
| 119|0x000000008a100000, 0x000000008a200000, 0x000000008a200000|100%| E|CS|TAMS 0x000000008a100000| PB 0x000000008a100000| Complete 
| 120|0x000000008a200000, 0x000000008a300000, 0x000000008a300000|100%| E|CS|TAMS 0x000000008a200000| PB 0x000000008a200000| Complete 
| 121|0x000000008a300000, 0x000000008a400000, 0x000000008a400000|100%| E|CS|TAMS 0x000000008a300000| PB 0x000000008a300000| Complete 
| 122|0x000000008a400000, 0x000000008a500000, 0x000000008a500000|100%| E|CS|TAMS 0x000000008a400000| PB 0x000000008a400000| Complete 
| 123|0x000000008a500000, 0x000000008a600000, 0x000000008a600000|100%| E|CS|TAMS 0x000000008a500000| PB 0x000000008a500000| Complete 
| 124|0x000000008a600000, 0x000000008a700000, 0x000000008a700000|100%| E|CS|TAMS 0x000000008a600000| PB 0x000000008a600000| Complete 
| 125|0x000000008a700000, 0x000000008a800000, 0x000000008a800000|100%| E|CS|TAMS 0x000000008a700000| PB 0x000000008a700000| Complete 

Card table byte_map: [0x000001a0fe5f0000,0x000001a0fe9e0000] _byte_map_base: 0x000001a0fe1db000

Marking Bits: (CMBitMap*) 0x000001a0e6ac7910
 Bits: [0x000001a080000000, 0x000001a081f58000)

Polling page: 0x000001a0e4a20000

Metaspace:

Usage:
  Non-class:     16.15 MB used.
      Class:      2.23 MB used.
       Both:     18.38 MB used.

Virtual space:
  Non-class space:       64.00 MB reserved,      16.31 MB ( 25%) committed,  1 nodes.
      Class space:        1.00 GB reserved,       2.38 MB ( <1%) committed,  1 nodes.
             Both:        1.06 GB reserved,      18.69 MB (  2%) committed. 

Chunk freelists:
   Non-Class:  15.34 MB
       Class:  13.44 MB
        Both:  28.78 MB

MaxMetaspaceSize: unlimited
CompressedClassSpaceSize: 1.00 GB
Initial GC threshold: 21.00 MB
Current GC threshold: 21.00 MB
CDS: on
 - commit_granule_bytes: 65536.
 - commit_granule_words: 8192.
 - virtual_space_node_default_size: 8388608.
 - enlarge_chunks_in_place: 1.
 - use_allocation_guard: 0.


Internal statistics:

num_allocs_failed_limit: 0.
num_arena_births: 320.
num_arena_deaths: 0.
num_vsnodes_births: 2.
num_vsnodes_deaths: 0.
num_space_committed: 299.
num_space_uncommitted: 0.
num_chunks_returned_to_freelist: 0.
num_chunks_taken_from_freelist: 975.
num_chunk_merges: 0.
num_chunk_splits: 626.
num_chunks_enlarged: 427.
num_inconsistent_stats: 0.

CodeHeap 'non-profiled nmethods': size=120000Kb used=918Kb max_used=918Kb free=119081Kb
 bounds [0x000001a0f6990000, 0x000001a0f6c00000, 0x000001a0fdec0000]
CodeHeap 'profiled nmethods': size=120000Kb used=4572Kb max_used=4572Kb free=115427Kb
 bounds [0x000001a0eeec0000, 0x000001a0ef340000, 0x000001a0f63f0000]
CodeHeap 'non-nmethods': size=5760Kb used=1438Kb max_used=1463Kb free=4321Kb
 bounds [0x000001a0f63f0000, 0x000001a0f6660000, 0x000001a0f6990000]
 total_blobs=2894 nmethods=2369 adapters=429
 compilation: enabled
              stopped_count=0, restarted_count=0
 full_count=0

Compilation events (20 events):
Event: 2.567 Thread 0x000001a0ca5b9fe0 2263       4       java.lang.CharacterDataLatin1::digit (32 bytes)
Event: 2.568 Thread 0x000001a0ca5b9fe0 nmethod 2263 0x000001a0f6a74290 code [0x000001a0f6a74420, 0x000001a0f6a74548]
Event: 2.568 Thread 0x000001a0ca5b9fe0 2268       4       java.lang.Character::digit (6 bytes)
Event: 2.569 Thread 0x000001a0ca5b9fe0 nmethod 2268 0x000001a0f6a74690 code [0x000001a0f6a74840, 0x000001a0f6a749d8]
Event: 2.569 Thread 0x000001a0ca5b9fe0 2309       4       java.util.Objects::checkFromIndexSize (8 bytes)
Event: 2.569 Thread 0x000001a0ff41ab80 2328       3       java.lang.Throwable::<init> (39 bytes)
Event: 2.570 Thread 0x000001a0ff41ab80 nmethod 2328 0x000001a0ef316190 code [0x000001a0ef316360, 0x000001a0ef316798]
Event: 2.570 Thread 0x000001a0ca5b9fe0 nmethod 2309 0x000001a0f6a74b90 code [0x000001a0f6a74d20, 0x000001a0f6a74de8]
Event: 2.570 Thread 0x000001a0ca5b9fe0 2264       4       java.lang.String::lastIndexOf (12 bytes)
Event: 2.572 Thread 0x000001a0ff41ab80 2329       3       java.util.TreeMap::setColor (10 bytes)
Event: 2.572 Thread 0x000001a0ff41ab80 nmethod 2329 0x000001a0ef316890 code [0x000001a0ef316a20, 0x000001a0ef316b50]
Event: 2.572 Thread 0x000001a0ff41ab80 2330       3       java.util.HashSet::<init> (18 bytes)
Event: 2.573 Thread 0x000001a0ff41ab80 nmethod 2330 0x000001a0ef316c10 code [0x000001a0ef316de0, 0x000001a0ef317180]
Event: 2.573 Thread 0x000001a0ff41ab80 2331       3       java.util.TreeMap::leftOf (13 bytes)
Event: 2.573 Thread 0x000001a0ff41ab80 nmethod 2331 0x000001a0ef317310 code [0x000001a0ef3174c0, 0x000001a0ef317638]
Event: 2.574 Thread 0x000001a0ca5b9fe0 nmethod 2264 0x000001a0f6a74e90 code [0x000001a0f6a75020, 0x000001a0f6a75248]
Event: 2.574 Thread 0x000001a0ca5b9fe0 2332       4       java.util.HashMap::resize (356 bytes)
Event: 2.580 Thread 0x000001a0ff41ab80 2333       3       org.springframework.boot.autoconfigure.AutoConfigurationMetadataLoader$PropertiesAutoConfigurationMetadata::get (8 bytes)
Event: 2.583 Thread 0x000001a0ff41ab80 nmethod 2333 0x000001a0ef317710 code [0x000001a0ef317b00, 0x000001a0ef3198c0]
Event: 2.583 Thread 0x000001a0ff41ab80 2334       3       org.springframework.boot.autoconfigure.AutoConfigurationMetadataLoader$PropertiesAutoConfigurationMetadata::get (28 bytes)

GC Heap History (4 events):
Event: 1.258 GC heap before
{Heap before GC invocations=0 (full 0):
 garbage-first heap   total 129024K, used 25600K [0x0000000082a00000, 0x0000000100000000)
  region size 1024K, 23 young (23552K), 0 survivors (0K)
 Metaspace       used 5797K, committed 6016K, reserved 1114112K
  class space    used 632K, committed 704K, reserved 1048576K
}
Event: 1.264 GC heap after
{Heap after GC invocations=1 (full 0):
 garbage-first heap   total 129024K, used 7658K [0x0000000082a00000, 0x0000000100000000)
  region size 1024K, 3 young (3072K), 3 survivors (3072K)
 Metaspace       used 5797K, committed 6016K, reserved 1114112K
  class space    used 632K, committed 704K, reserved 1048576K
}
Event: 2.145 GC heap before
{Heap before GC invocations=1 (full 0):
 garbage-first heap   total 129024K, used 37354K [0x0000000082a00000, 0x0000000100000000)
  region size 1024K, 33 young (33792K), 3 survivors (3072K)
 Metaspace       used 14136K, committed 14464K, reserved 1114112K
  class space    used 1675K, committed 1792K, reserved 1048576K
}
Event: 2.153 GC heap after
{Heap after GC invocations=2 (full 0):
 garbage-first heap   total 129024K, used 10545K [0x0000000082a00000, 0x0000000100000000)
  region size 1024K, 3 young (3072K), 3 survivors (3072K)
 Metaspace       used 14136K, committed 14464K, reserved 1114112K
  class space    used 1675K, committed 1792K, reserved 1048576K
}

Dll operation events (13 events):
Event: 0.020 Loaded shared library C:\Program Files\Java\jdk-21\bin\java.dll
Event: 0.096 Loaded shared library C:\Program Files\Java\jdk-21\bin\jsvml.dll
Event: 0.246 Loaded shared library C:\Program Files\Java\jdk-21\bin\zip.dll
Event: 0.252 Loaded shared library C:\Program Files\Java\jdk-21\bin\instrument.dll
Event: 0.262 Loaded shared library C:\Program Files\Java\jdk-21\bin\net.dll
Event: 0.264 Loaded shared library C:\Program Files\Java\jdk-21\bin\nio.dll
Event: 0.270 Loaded shared library C:\Program Files\Java\jdk-21\bin\zip.dll
Event: 0.517 Loaded shared library C:\Program Files\JetBrains\IntelliJ IDEA Community Edition 2024.1\bin\breakgen64.dll
Event: 0.534 Loaded shared library C:\Program Files\Java\jdk-21\bin\extnet.dll
Event: 0.607 Loaded shared library C:\Program Files\Java\jdk-21\bin\jimage.dll
Event: 1.110 Loaded shared library C:\Program Files\Java\jdk-21\bin\management.dll
Event: 1.113 Loaded shared library C:\Program Files\Java\jdk-21\bin\management_ext.dll
Event: 2.466 Loaded shared library C:\Program Files\Java\jdk-21\bin\sunmscapi.dll

Deoptimization events (20 events):
Event: 2.445 Thread 0x000001a0c9cee130 DEOPT PACKING pc=0x000001a0ef015059 sp=0x0000001f7d7fe320
Event: 2.445 Thread 0x000001a0c9cee130 DEOPT UNPACKING pc=0x000001a0f6444e42 sp=0x0000001f7d7fd818 mode 0
Event: 2.446 Thread 0x000001a0c9cee130 DEOPT PACKING pc=0x000001a0ef015059 sp=0x0000001f7d7fe320
Event: 2.446 Thread 0x000001a0c9cee130 DEOPT UNPACKING pc=0x000001a0f6444e42 sp=0x0000001f7d7fd818 mode 0
Event: 2.447 Thread 0x000001a0c9cee130 DEOPT PACKING pc=0x000001a0ef015059 sp=0x0000001f7d7fe2f0
Event: 2.447 Thread 0x000001a0c9cee130 DEOPT UNPACKING pc=0x000001a0f6444e42 sp=0x0000001f7d7fd7e0 mode 0
Event: 2.448 Thread 0x000001a0c9cee130 DEOPT PACKING pc=0x000001a0ef015059 sp=0x0000001f7d7fe2f0
Event: 2.448 Thread 0x000001a0c9cee130 DEOPT UNPACKING pc=0x000001a0f6444e42 sp=0x0000001f7d7fd7e0 mode 0
Event: 2.449 Thread 0x000001a0c9cee130 DEOPT PACKING pc=0x000001a0ef015059 sp=0x0000001f7d7fe2f0
Event: 2.449 Thread 0x000001a0c9cee130 DEOPT UNPACKING pc=0x000001a0f6444e42 sp=0x0000001f7d7fd7e0 mode 0
Event: 2.450 Thread 0x000001a0c9cee130 DEOPT PACKING pc=0x000001a0ef015059 sp=0x0000001f7d7fe2f0
Event: 2.450 Thread 0x000001a0c9cee130 DEOPT UNPACKING pc=0x000001a0f6444e42 sp=0x0000001f7d7fd7e0 mode 0
Event: 2.450 Thread 0x000001a0c9cee130 DEOPT PACKING pc=0x000001a0ef015059 sp=0x0000001f7d7fe2f0
Event: 2.450 Thread 0x000001a0c9cee130 DEOPT UNPACKING pc=0x000001a0f6444e42 sp=0x0000001f7d7fd7e0 mode 0
Event: 2.451 Thread 0x000001a0c9cee130 DEOPT PACKING pc=0x000001a0ef015059 sp=0x0000001f7d7fe2f0
Event: 2.451 Thread 0x000001a0c9cee130 DEOPT UNPACKING pc=0x000001a0f6444e42 sp=0x0000001f7d7fd7e0 mode 0
Event: 2.452 Thread 0x000001a0c9cee130 DEOPT PACKING pc=0x000001a0ef015059 sp=0x0000001f7d7fe2f0
Event: 2.452 Thread 0x000001a0c9cee130 DEOPT UNPACKING pc=0x000001a0f6444e42 sp=0x0000001f7d7fd7e0 mode 0
Event: 2.453 Thread 0x000001a0c9cee130 DEOPT PACKING pc=0x000001a0ef015059 sp=0x0000001f7d7fe2f0
Event: 2.453 Thread 0x000001a0c9cee130 DEOPT UNPACKING pc=0x000001a0f6444e42 sp=0x0000001f7d7fd7e0 mode 0

Classes loaded (20 events):
Event: 2.472 Loading class javax/security/auth/login/FailedLoginException
Event: 2.472 Loading class javax/security/auth/login/FailedLoginException done
Event: 2.472 Loading class javax/security/auth/Subject
Event: 2.472 Loading class javax/security/auth/Subject done
Event: 2.472 Loading class javax/security/auth/callback/CallbackHandler
Event: 2.472 Loading class javax/security/auth/callback/CallbackHandler done
Event: 2.484 Loading class com/sun/security/sasl/Provider
Event: 2.484 Loading class com/sun/security/sasl/Provider done
Event: 2.485 Loading class com/sun/security/sasl/Provider$1
Event: 2.485 Loading class com/sun/security/sasl/Provider$1 done
Event: 2.485 Loading class com/sun/security/sasl/Provider$ProviderService
Event: 2.485 Loading class com/sun/security/sasl/Provider$ProviderService done
Event: 2.485 Loading class sun/security/provider/certpath/ldap/JdkLDAP
Event: 2.485 Loading class sun/security/provider/certpath/ldap/JdkLDAP done
Event: 2.486 Loading class sun/security/provider/certpath/ldap/JdkLDAP$ProviderService
Event: 2.486 Loading class sun/security/provider/certpath/ldap/JdkLDAP$ProviderService done
Event: 2.527 Loading class javax/naming/ldap/LdapContext
Event: 2.528 Loading class javax/naming/directory/DirContext
Event: 2.528 Loading class javax/naming/directory/DirContext done
Event: 2.528 Loading class javax/naming/ldap/LdapContext done

Classes unloaded (0 events):
No events

Classes redefined (0 events):
No events

Internal exceptions (20 events):
Event: 1.693 Thread 0x000001a0c9cee130 Exception <a 'java/lang/NoSuchMethodError'{0x0000000089daf440}: 'void java.lang.invoke.DirectMethodHandle$Holder.invokeStaticInit(java.lang.Object, java.lang.Object, java.lang.Object)'> (0x0000000089daf440) 
thrown [s\open\src\hotspot\share\interpreter\linkResolver.cpp, line 773]
Event: 1.699 Thread 0x000001a0c9cee130 Exception <a 'java/lang/NoSuchMethodError'{0x0000000089df8568}: 'java.lang.Object java.lang.invoke.DirectMethodHandle$Holder.invokeVirtual(java.lang.Object, java.lang.Object, java.lang.Object)'> (0x0000000089df8568) 
thrown [s\open\src\hotspot\share\interpreter\linkResolver.cpp, line 773]
Event: 1.728 Thread 0x000001a0c9cee130 Exception <a 'java/lang/NoSuchMethodError'{0x0000000089c7f980}: 'void java.lang.invoke.DirectMethodHandle$Holder.invokeVirtual(java.lang.Object, java.lang.Object, java.lang.Object, java.lang.Object)'> (0x0000000089c7f980) 
thrown [s\open\src\hotspot\share\interpreter\linkResolver.cpp, line 773]
Event: 1.812 Thread 0x000001a0ca1596b0 Exception <a 'java/lang/NoClassDefFoundError'{0x0000000089a50178}: jakarta/validation/Validation> (0x0000000089a50178) 
thrown [s\open\src\hotspot\share\classfile\systemDictionary.cpp, line 301]
Event: 1.815 Thread 0x000001a0c9cee130 Exception <a 'java/lang/NoSuchMethodError'{0x0000000089a74790}: 'java.lang.reflect.Field[] java.lang.Class.getDeclaredFields(java.lang.Class)'> (0x0000000089a74790) 
thrown [s\open\src\hotspot\share\interpreter\linkResolver.cpp, line 773]
Event: 1.817 Thread 0x000001a0c9cee130 Exception <a 'java/lang/NoSuchMethodError'{0x0000000089a79090}: 'java.lang.Object java.lang.invoke.DirectMethodHandle$Holder.invokeStatic(java.lang.Object, java.lang.Object, int)'> (0x0000000089a79090) 
thrown [s\open\src\hotspot\share\interpreter\linkResolver.cpp, line 773]
Event: 1.819 Thread 0x000001a0c9cee130 Exception <a 'java/lang/NoSuchMethodError'{0x0000000089a84210}: 'void java.lang.invoke.DelegatingMethodHandle$Holder.delegate(java.lang.Object, java.lang.Object, int, java.lang.Object)'> (0x0000000089a84210) 
thrown [s\open\src\hotspot\share\interpreter\linkResolver.cpp, line 773]
Event: 1.838 Thread 0x000001a0c9cee130 Exception <a 'java/lang/IncompatibleClassChangeError'{0x00000000899dc278}: Found class java.lang.Object, but interface was expected> (0x00000000899dc278) 
thrown [s\open\src\hotspot\share\interpreter\linkResolver.cpp, line 840]
Event: 1.845 Thread 0x000001a0c9cee130 Exception <a 'java/lang/NoSuchMethodError'{0x00000000899f2ef0}: 'java.lang.Object java.lang.invoke.DirectMethodHandle$Holder.invokeStaticInit(java.lang.Object, int)'> (0x00000000899f2ef0) 
thrown [s\open\src\hotspot\share\interpreter\linkResolver.cpp, line 773]
Event: 1.848 Thread 0x000001a0c9cee130 Exception <a 'java/lang/NoSuchMethodError'{0x00000000899fcf18}: 'java.lang.Object java.lang.invoke.DirectMethodHandle$Holder.invokeStatic(java.lang.Object, int, java.lang.Object)'> (0x00000000899fcf18) 
thrown [s\open\src\hotspot\share\interpreter\linkResolver.cpp, line 773]
Event: 1.849 Thread 0x000001a0c9cee130 Exception <a 'java/lang/NoSuchMethodError'{0x0000000089842150}: 'java.lang.Object java.lang.invoke.DirectMethodHandle$Holder.invokeStaticInit(java.lang.Object, int, java.lang.Object)'> (0x0000000089842150) 
thrown [s\open\src\hotspot\share\interpreter\linkResolver.cpp, line 773]
Event: 2.285 Thread 0x000001a0c9cee130 Exception <a 'java/lang/NoSuchMethodError'{0x0000000089f64598}: 'int java.lang.invoke.DirectMethodHandle$Holder.invokeSpecial(java.lang.Object, java.lang.Object, java.lang.Object, java.lang.Object, java.lang.Object)'> (0x0000000089f64598) 
thrown [s\open\src\hotspot\share\interpreter\linkResolver.cpp, line 773]
Event: 2.288 Thread 0x000001a0c9cee130 Exception <a 'java/lang/NoSuchMethodError'{0x0000000089f6c950}: 'void java.lang.invoke.DirectMethodHandle$Holder.invokeVirtual(java.lang.Object, java.lang.Object)'> (0x0000000089f6c950) 
thrown [s\open\src\hotspot\share\interpreter\linkResolver.cpp, line 773]
Event: 2.306 Thread 0x000001a0ca1596b0 Exception <a 'java/lang/NoSuchMethodError'{0x0000000089ed6d20}: 'long java.lang.invoke.DirectMethodHandle$Holder.invokeSpecial(java.lang.Object, java.lang.Object)'> (0x0000000089ed6d20) 
thrown [s\open\src\hotspot\share\interpreter\linkResolver.cpp, line 773]
Event: 2.308 Thread 0x000001a0ca1596b0 Exception <a 'java/lang/NoSuchMethodError'{0x0000000089ee0848}: 'long java.lang.invoke.DirectMethodHandle$Holder.invokeStatic(java.lang.Object, java.lang.Object)'> (0x0000000089ee0848) 
thrown [s\open\src\hotspot\share\interpreter\linkResolver.cpp, line 773]
Event: 2.309 Thread 0x000001a0ca1596b0 Exception <a 'java/lang/NoSuchMethodError'{0x0000000089ee3900}: 'long java.lang.invoke.DirectMethodHandle$Holder.invokeStaticInit(java.lang.Object, java.lang.Object)'> (0x0000000089ee3900) 
thrown [s\open\src\hotspot\share\interpreter\linkResolver.cpp, line 773]
Event: 2.311 Thread 0x000001a0ca1596b0 Exception <a 'java/lang/NoSuchMethodError'{0x0000000089eef798}: 'long java.lang.invoke.DirectMethodHandle$Holder.invokeInterface(java.lang.Object, java.lang.Object)'> (0x0000000089eef798) 
thrown [s\open\src\hotspot\share\interpreter\linkResolver.cpp, line 773]
Event: 2.311 Thread 0x000001a0ca1596b0 Exception <a 'java/lang/IncompatibleClassChangeError'{0x0000000089ef2798}: Found class java.lang.Object, but interface was expected> (0x0000000089ef2798) 
thrown [s\open\src\hotspot\share\interpreter\linkResolver.cpp, line 840]
Event: 2.315 Thread 0x000001a0ca1596b0 Exception <a 'java/lang/NoSuchMethodError'{0x0000000089d717f8}: 'java.lang.Object java.lang.invoke.DirectMethodHandle$Holder.invokeVirtual(java.lang.Object, java.lang.Object, java.lang.Object, java.lang.Object)'> (0x0000000089d717f8) 
thrown [s\open\src\hotspot\share\interpreter\linkResolver.cpp, line 773]
Event: 2.582 Thread 0x000001a0c9cee130 Exception <a 'java/lang/IncompatibleClassChangeError'{0x000000008932d9f8}: Found class java.lang.Object, but interface was expected> (0x000000008932d9f8) 
thrown [s\open\src\hotspot\share\interpreter\linkResolver.cpp, line 840]

ZGC Phase Switch (0 events):
No events

VM Operations (20 events):
Event: 1.788 Executing VM operation: HandshakeAllThreads (Deoptimize)
Event: 1.788 Executing VM operation: HandshakeAllThreads (Deoptimize) done
Event: 1.795 Executing VM operation: HandshakeAllThreads (Deoptimize)
Event: 1.796 Executing VM operation: HandshakeAllThreads (Deoptimize) done
Event: 1.796 Executing VM operation: HandshakeAllThreads (Deoptimize)
Event: 1.796 Executing VM operation: HandshakeAllThreads (Deoptimize) done
Event: 1.817 Executing VM operation: HandshakeAllThreads (Deoptimize)
Event: 1.817 Executing VM operation: HandshakeAllThreads (Deoptimize) done
Event: 1.820 Executing VM operation: ICBufferFull
Event: 1.820 Executing VM operation: ICBufferFull done
Event: 2.022 Executing VM operation: HandshakeAllThreads (Deoptimize)
Event: 2.022 Executing VM operation: HandshakeAllThreads (Deoptimize) done
Event: 2.145 Executing VM operation: G1CollectForAllocation (G1 Evacuation Pause)
Event: 2.153 Executing VM operation: G1CollectForAllocation (G1 Evacuation Pause) done
Event: 2.257 Executing VM operation: HandshakeAllThreads (Deoptimize)
Event: 2.257 Executing VM operation: HandshakeAllThreads (Deoptimize) done
Event: 2.372 Executing VM operation: HandshakeAllThreads (Deoptimize)
Event: 2.372 Executing VM operation: HandshakeAllThreads (Deoptimize) done
Event: 2.438 Executing VM operation: HandshakeAllThreads (Deoptimize)
Event: 2.438 Executing VM operation: HandshakeAllThreads (Deoptimize) done

Events (20 events):
Event: 0.051 Thread 0x000001a0e6a6ee20 Thread added: 0x000001a0e6a6ee20
Event: 0.090 Thread 0x000001a0ff405ab0 Thread added: 0x000001a0ff405ab0
Event: 0.090 Thread 0x000001a0ff406ff0 Thread added: 0x000001a0ff406ff0
Event: 0.090 Thread 0x000001a0ff409640 Thread added: 0x000001a0ff409640
Event: 0.091 Thread 0x000001a0ff40a0a0 Thread added: 0x000001a0ff40a0a0
Event: 0.091 Thread 0x000001a0ff40af10 Thread added: 0x000001a0ff40af10
Event: 0.092 Thread 0x000001a0ff413be0 Thread added: 0x000001a0ff413be0
Event: 0.093 Thread 0x000001a0ff419fb0 Thread added: 0x000001a0ff419fb0
Event: 0.093 Thread 0x000001a0ff41ab80 Thread added: 0x000001a0ff41ab80
Event: 0.209 Thread 0x000001a0ff3d1c80 Thread added: 0x000001a0ff3d1c80
Event: 0.312 Thread 0x000001a0c936d0f0 Thread added: 0x000001a0c936d0f0
Event: 0.518 Thread 0x000001a0c93f2f00 Thread added: 0x000001a0c93f2f00
Event: 0.518 Thread 0x000001a0c94f5d70 Thread added: 0x000001a0c94f5d70
Event: 1.170 Thread 0x000001a0c996eda0 Thread added: 0x000001a0c996eda0
Event: 1.174 Thread 0x000001a0c9cee130 Thread added: 0x000001a0c9cee130
Event: 1.807 Thread 0x000001a0ca1596b0 Thread added: 0x000001a0ca1596b0
Event: 2.447 Thread 0x000001a0ca5b9fe0 Thread added: 0x000001a0ca5b9fe0
Event: 2.460 Thread 0x000001a0ca479850 Thread added: 0x000001a0ca479850
Event: 2.492 Thread 0x000001a0ca1596b0 Thread exited: 0x000001a0ca1596b0
Event: 2.570 Thread 0x000001a0ca479850 Thread exited: 0x000001a0ca479850


Dynamic libraries:
0x00007ff6280c0000 - 0x00007ff6280d0000 	C:\Program Files\Java\jdk-21\bin\java.exe
0x00007ff96d990000 - 0x00007ff96dba7000 	C:\WINDOWS\SYSTEM32\ntdll.dll
0x00007ff96c5b0000 - 0x00007ff96c674000 	C:\WINDOWS\System32\KERNEL32.DLL
0x00007ff96ae00000 - 0x00007ff96b1b9000 	C:\WINDOWS\System32\KERNELBASE.dll
0x00007ff96b590000 - 0x00007ff96b6a1000 	C:\WINDOWS\System32\ucrtbase.dll
0x00007ff95d300000 - 0x00007ff95d319000 	C:\Program Files\Java\jdk-21\bin\jli.dll
0x00007ff962b50000 - 0x00007ff962b6b000 	C:\Program Files\Java\jdk-21\bin\VCRUNTIME140.dll
0x00007ff96bee0000 - 0x00007ff96bf92000 	C:\WINDOWS\System32\ADVAPI32.dll
0x00007ff96bb30000 - 0x00007ff96bbd7000 	C:\WINDOWS\System32\msvcrt.dll
0x00007ff96cdd0000 - 0x00007ff96ce77000 	C:\WINDOWS\System32\sechost.dll
0x00007ff96b440000 - 0x00007ff96b468000 	C:\WINDOWS\System32\bcrypt.dll
0x00007ff96cb80000 - 0x00007ff96cc94000 	C:\WINDOWS\System32\RPCRT4.dll
0x00007ff96cef0000 - 0x00007ff96d09e000 	C:\WINDOWS\System32\USER32.dll
0x00007ff96b410000 - 0x00007ff96b436000 	C:\WINDOWS\System32\win32u.dll
0x00007ff96cda0000 - 0x00007ff96cdc9000 	C:\WINDOWS\System32\GDI32.dll
0x00007ff96b470000 - 0x00007ff96b58b000 	C:\WINDOWS\System32\gdi32full.dll
0x00007ff96b230000 - 0x00007ff96b2ca000 	C:\WINDOWS\System32\msvcp_win.dll
0x00007ff955df0000 - 0x00007ff956082000 	C:\WINDOWS\WinSxS\amd64_microsoft.windows.common-controls_6595b64144ccf1df_6.0.22621.4391_none_2715d37f73803e96\COMCTL32.dll
0x00007ff956730000 - 0x00007ff95673a000 	C:\WINDOWS\SYSTEM32\VERSION.dll
0x00007ff96c510000 - 0x00007ff96c541000 	C:\WINDOWS\System32\IMM32.DLL
0x00007ff962c00000 - 0x00007ff962c0c000 	C:\Program Files\Java\jdk-21\bin\vcruntime140_1.dll
0x00007ff95c2f0000 - 0x00007ff95c37e000 	C:\Program Files\Java\jdk-21\bin\msvcp140.dll
0x00007ff919fb0000 - 0x00007ff91acc5000 	C:\Program Files\Java\jdk-21\bin\server\jvm.dll
0x00007ff96c230000 - 0x00007ff96c2a1000 	C:\WINDOWS\System32\WS2_32.dll
0x00007ff96a9b0000 - 0x00007ff96a9fd000 	C:\WINDOWS\SYSTEM32\POWRPROF.dll
0x00007ff95b7a0000 - 0x00007ff95b7d4000 	C:\WINDOWS\SYSTEM32\WINMM.dll
0x00007ff96a990000 - 0x00007ff96a9a3000 	C:\WINDOWS\SYSTEM32\UMPDC.dll
0x00007ff969cd0000 - 0x00007ff969ce8000 	C:\WINDOWS\SYSTEM32\kernel.appcore.dll
0x00007ff962b80000 - 0x00007ff962b8a000 	C:\Program Files\Java\jdk-21\bin\jimage.dll
0x00007ff9684c0000 - 0x00007ff9686f2000 	C:\WINDOWS\SYSTEM32\DBGHELP.DLL
0x00007ff96c7f0000 - 0x00007ff96cb7f000 	C:\WINDOWS\System32\combase.dll
0x00007ff96c680000 - 0x00007ff96c757000 	C:\WINDOWS\System32\OLEAUT32.dll
0x00007ff9538d0000 - 0x00007ff953902000 	C:\WINDOWS\SYSTEM32\dbgcore.DLL
0x00007ff96b390000 - 0x00007ff96b40b000 	C:\WINDOWS\System32\bcryptPrimitives.dll
0x00007ff95d2f0000 - 0x00007ff95d2ff000 	C:\Program Files\Java\jdk-21\bin\instrument.dll
0x00007ff95c4a0000 - 0x00007ff95c4bf000 	C:\Program Files\Java\jdk-21\bin\java.dll
0x00007ff96d0b0000 - 0x00007ff96d926000 	C:\WINDOWS\System32\SHELL32.dll
0x00007ff968bd0000 - 0x00007ff9694d3000 	C:\WINDOWS\SYSTEM32\windows.storage.dll
0x00007ff968a90000 - 0x00007ff968bcf000 	C:\WINDOWS\SYSTEM32\wintypes.dll
0x00007ff96bd50000 - 0x00007ff96be49000 	C:\WINDOWS\System32\SHCORE.dll
0x00007ff96be80000 - 0x00007ff96bede000 	C:\WINDOWS\System32\shlwapi.dll
0x00007ff96abc0000 - 0x00007ff96abeb000 	C:\WINDOWS\SYSTEM32\profapi.dll
0x00007ff942200000 - 0x00007ff9422d7000 	C:\Program Files\Java\jdk-21\bin\jsvml.dll
0x00007ff93b100000 - 0x00007ff93b118000 	C:\Program Files\Java\jdk-21\bin\zip.dll
0x00007ff95c490000 - 0x00007ff95c4a0000 	C:\Program Files\Java\jdk-21\bin\net.dll
0x00007ff963470000 - 0x00007ff9635a6000 	C:\WINDOWS\SYSTEM32\WINHTTP.dll
0x00007ff96a150000 - 0x00007ff96a1b9000 	C:\WINDOWS\system32\mswsock.dll
0x00007ff9421e0000 - 0x00007ff9421f6000 	C:\Program Files\Java\jdk-21\bin\nio.dll
0x00007ff93b0e0000 - 0x00007ff93b0fa000 	C:\Program Files\JetBrains\IntelliJ IDEA Community Edition 2024.1\bin\breakgen64.dll
0x00007ff95c480000 - 0x00007ff95c487000 	C:\Program Files\Java\jdk-21\bin\extnet.dll
0x00007ff9429e0000 - 0x00007ff9429ea000 	C:\Program Files\Java\jdk-21\bin\management.dll
0x00007ff9421d0000 - 0x00007ff9421db000 	C:\Program Files\Java\jdk-21\bin\management_ext.dll
0x00007ff96bd40000 - 0x00007ff96bd48000 	C:\WINDOWS\System32\PSAPI.DLL
0x00007ff93f670000 - 0x00007ff93f67e000 	C:\Program Files\Java\jdk-21\bin\sunmscapi.dll
0x00007ff96ac90000 - 0x00007ff96adf6000 	C:\WINDOWS\System32\CRYPT32.dll
0x00007ff96a5d0000 - 0x00007ff96a5fd000 	C:\WINDOWS\SYSTEM32\ncrypt.dll
0x00007ff96a590000 - 0x00007ff96a5c7000 	C:\WINDOWS\SYSTEM32\NTASN1.dll

dbghelp: loaded successfully - version: 4.0.5 - missing functions: none
symbol engine: initialized successfully - sym options: 0x614 - pdb path: .;C:\Program Files\Java\jdk-21\bin;C:\WINDOWS\SYSTEM32;C:\WINDOWS\WinSxS\amd64_microsoft.windows.common-controls_6595b64144ccf1df_6.0.22621.4391_none_2715d37f73803e96;C:\Program Files\Java\jdk-21\bin\server;C:\Program Files\JetBrains\IntelliJ IDEA Community Edition 2024.1\bin

VM Arguments:
jvm_args: -javaagent:C:\Program Files\JetBrains\IntelliJ IDEA Community Edition 2024.1\lib\idea_rt.jar=56938:C:\Program Files\JetBrains\IntelliJ IDEA Community Edition 2024.1\bin -Dfile.encoding=UTF-8 -Dsun.stdout.encoding=UTF-8 -Dsun.stderr.encoding=UTF-8 
java_command: com.springboot.blog.SpringbootBlogRestApiApplication
java_class_path (initial): C:\Users\Dainy\OneDrive\Desktop\Blog Application\springboot-blog-rest-api\target\classes;C:\Users\Dainy\.m2\repository\org\springframework\boot\spring-boot-starter-data-jpa\3.4.0\spring-boot-starter-data-jpa-3.4.0.jar;C:\Users\Dainy\.m2\repository\org\springframework\boot\spring-boot-starter\3.4.0\spring-boot-starter-3.4.0.jar;C:\Users\Dainy\.m2\repository\org\springframework\boot\spring-boot-starter-logging\3.4.0\spring-boot-starter-logging-3.4.0.jar;C:\Users\Dainy\.m2\repository\ch\qos\logback\logback-classic\1.5.12\logback-classic-1.5.12.jar;C:\Users\Dainy\.m2\repository\ch\qos\logback\logback-core\1.5.12\logback-core-1.5.12.jar;C:\Users\Dainy\.m2\repository\org\apache\logging\log4j\log4j-to-slf4j\2.24.1\log4j-to-slf4j-2.24.1.jar;C:\Users\Dainy\.m2\repository\org\apache\logging\log4j\log4j-api\2.24.1\log4j-api-2.24.1.jar;C:\Users\Dainy\.m2\repository\org\slf4j\jul-to-slf4j\2.0.16\jul-to-slf4j-2.0.16.jar;C:\Users\Dainy\.m2\repository\jakarta\annotation\jakarta.annotation-api\2.1.1\jakarta.annotation-api-2.1.1.jar;C:\Users\Dainy\.m2\repository\org\yaml\snakeyaml\2.3\snakeyaml-2.3.jar;C:\Users\Dainy\.m2\repository\org\springframework\boot\spring-boot-starter-jdbc\3.4.0\spring-boot-starter-jdbc-3.4.0.jar;C:\Users\Dainy\.m2\repository\com\zaxxer\HikariCP\5.1.0\HikariCP-5.1.0.jar;C:\Users\Dainy\.m2\repository\org\springframework\spring-jdbc\6.2.0\spring-jdbc-6.2.0.jar;C:\Users\Dainy\.m2\repository\org\hibernate\orm\hibernate-core\6.6.2.Final\hibernate-core-6.6.2.Final.jar;C:\Users\Dainy\.m2\repository\jakarta\persistence\jakarta.persistence-api\3.1.0\jakarta.persistence-api-3.1.0.jar;C:\Users\Dainy\.m2\repository\jakarta\transaction\jakarta.transaction-api\2.0.1\jakarta.transaction-api-2.0.1.jar;C:\Users\Dainy\.m2\repository\org\jboss\logging\jboss-logging\3.6.1.Final\jboss-logging-3.6.1.Final.jar;C:\Users\Dainy\.m2\repository\org\hibernate\common\hibernate-commons-annotations\7.0.3.Final\hibernate-commons-annotations-7.0.3.Final.jar;C:\Users\Dainy\.m2\repository\io\smallrye\jandex\3.2.0\jandex-3.2.0.jar;C:\Users\Dainy\.m2\repository\com\fasterxml\classmate\1.7.0\classmate-1.7.0.jar;C:\Users\Dainy\.m2\repository\net\bytebuddy\byte-buddy\1.15.10\byte-buddy-1.15.10.jar;C:\Users\Dainy\.m2\repository\org\glassfish\jaxb\jaxb-runtime\4.0.5\jaxb-runtime-4.0.5.jar;C:\Users\Dainy\.m2\repository\org\glassfish\jaxb\jaxb-core\4.0.5\jaxb-core-4.0.5.jar;C:\Users\Dainy\.m2\repository\org\eclipse\angus\angus-activation\2.0.2\angus-activation-2.0.2.jar;C:\Users\Dainy\.m2\repository\org\glassfish\jaxb\txw2\4.0.5\txw2-4.0.5.jar;C:\Users\Dainy\.m2\repository\com\sun\istack\istack-commons-runtime\4.1.2\istack-commons-runtime-4.1.2.jar;C:\Users\Dainy\.m2\repository\jakarta\inject\jakarta.inject-api\2.0.1\jakarta.inject-api-2.0.1.jar;C:\Users\Dainy\.m2\repository\org\antlr\antlr4-runtime\4.13.0\antlr4-runtime-4.13.0.jar;C:\Users\Dainy\.m2\repository\org\springframework\data\spring-data-jpa\3.4.0\spring-data-jpa-3.4.0.jar;C:\Users\Dainy\.m2\repository\org\springframework\data\spring-data-commons\3.4.0\spring-data-commons-3.4.0.jar;C:\Users\Dainy\.m2\repository\org\springframework\spring-orm\6.2.0\spring-orm-6.2.0.jar;C:\Users\Dainy\.m2\repository\org\springframework\spring-context\6.2.0\spring-context-6.2.0.jar;C:\Users\Dainy\.m2\repository\org\springframework\spring-aop\6.2.0\spring-aop-6.2.0.jar;C:\Users\Dainy\.m2\repository\org\springframework\spring-tx\6.2.0\spring-tx-6.2.0.jar;C:\Users\Dainy\.m2\repository\org\springframework\spring-beans\6.2.0\spring-beans-6.2.0.jar;C:\Users\Dainy\.m2\repository\org\slf4j\slf4j-api\2.0.16\slf4j-api-2.0.16.jar;C:\Users\Dainy\.m2\repository\org\springframework\spring-aspects\6.2.0\spring-aspects-6.2.0.jar;C:\Users\Dainy\.m2\repository\org\aspectj\aspectjweaver\1.9.22.1\aspectjweaver-1.9.22.1.jar;C:\Users\Dainy\.m2\repository\org\springframework\boot\spring-boot-starter-web\3.4.0\spring-boot-starter-web-3.4.0.jar;C:\Users\Dainy\.m2\repository\org\springframework\boot\spring-boot-starter-json\3.4.0\spring-boot-starter-json-3.4.0.jar;C:\Users\Dainy\.m2\repository\com\fasterxml\jackson\core\jackson-databind\2.18.1\jackson-databind-2.18.1.jar;C:\Users\Dainy\.m2\repository\com\fasterxml\jackson\core\jackson-annotations\2.18.1\jackson-annotations-2.18.1.jar;C:\Users\Dainy\.m2\repository\com\fasterxml\jackson\core\jackson-core\2.18.1\jackson-core-2.18.1.jar;C:\Users\Dainy\.m2\repository\com\fasterxml\jackson\datatype\jackson-datatype-jdk8\2.18.1\jackson-datatype-jdk8-2.18.1.jar;C:\Users\Dainy\.m2\repository\com\fasterxml\jackson\datatype\jackson-datatype-jsr310\2.18.1\jackson-datatype-jsr310-2.18.1.jar;C:\Users\Dainy\.m2\repository\com\fasterxml\jackson\module\jackson-module-parameter-names\2.18.1\jackson-module-parameter-names-2.18.1.jar;C:\Users\Dainy\.m2\repository\org\springframework\boot\spring-boot-starter-tomcat\3.4.0\spring-boot-starter-tomcat-3.4.0.jar;C:\Users\Dainy\.m2\repository\org\apache\tomcat\embed\tomcat-embed-core\10.1.33\tomcat-embed-core-10.1.33.jar;C:\Users\Dainy\.m2\repository\org\apache\tomcat\embed\tomcat-embed-el\10.1.33\tomcat-embed-el-10.1.33.jar;C:\Users\Dainy\.m2\repository\org\apache\tomcat\embed\tomcat-embed-websocket\10.1.33\tomcat-embed-websocket-10.1.33.jar;C:\Users\Dainy\.m2\repository\org\springframework\spring-web\6.2.0\spring-web-6.2.0.jar;C:\Users\Dainy\.m2\repository\io\micrometer\micrometer-observation\1.14.1\micrometer-observation-1.14.1.jar;C:\Users\Dainy\.m2\repository\io\micrometer\micrometer-commons\1.14.1\micrometer-commons-1.14.1.jar;C:\Users\Dainy\.m2\repository\org\springframework\spring-webmvc\6.2.0\spring-webmvc-6.2.0.jar;C:\Users\Dainy\.m2\repository\org\springframework\spring-expression\6.2.0\spring-expression-6.2.0.jar;C:\Users\Dainy\.m2\repository\org\springframework\boot\spring-boot-devtools\3.4.0\spring-boot-devtools-3.4.0.jar;C:\Users\Dainy\.m2\repository\org\springframework\boot\spring-boot\3.4.0\spring-boot-3.4.0.jar;C:\Users\Dainy\.m2\repository\org\springframework\boot\spring-boot-autoconfigure\3.4.0\spring-boot-autoconfigure-3.4.0.jar;C:\Users\Dainy\.m2\repository\com\mysql\mysql-connector-j\9.1.0\mysql-connector-j-9.1.0.jar;C:\Users\Dainy\.m2\repository\org\projectlombok\lombok\1.18.36\lombok-1.18.36.jar;C:\Users\Dainy\.m2\repository\jakarta\xml\bind\jakarta.xml.bind-api\4.0.2\jakarta.xml.bind-api-4.0.2.jar;C:\Users\Dainy\.m2\repository\jakarta\activation\jakarta.activation-api\2.1.3\jakarta.activation-api-2.1.3.jar;C:\Users\Dainy\.m2\repository\org\springframework\spring-core\6.2.0\spring-core-6.2.0.jar;C:\Users\Dainy\.m2\repository\org\springframework\spring-jcl\6.2.0\spring-jcl-6.2.0.jar
Launcher Type: SUN_STANDARD

[Global flags]
     intx CICompilerCount                          = 4                                         {product} {ergonomic}
     uint ConcGCThreads                            = 2                                         {product} {ergonomic}
     uint G1ConcRefinementThreads                  = 8                                         {product} {ergonomic}
   size_t G1HeapRegionSize                         = 1048576                                   {product} {ergonomic}
    uintx GCDrainStackTargetSize                   = 64                                        {product} {ergonomic}
   size_t InitialHeapSize                          = 132120576                                 {product} {ergonomic}
   size_t MarkStackSize                            = 4194304                                   {product} {ergonomic}
   size_t MaxHeapSize                              = 2103443456                                {product} {ergonomic}
   size_t MaxNewSize                               = 1261436928                                {product} {ergonomic}
   size_t MinHeapDeltaBytes                        = 1048576                                   {product} {ergonomic}
   size_t MinHeapSize                              = 8388608                                   {product} {ergonomic}
    uintx NonNMethodCodeHeapSize                   = 5839372                                {pd product} {ergonomic}
    uintx NonProfiledCodeHeapSize                  = 122909434                              {pd product} {ergonomic}
    uintx ProfiledCodeHeapSize                     = 122909434                              {pd product} {ergonomic}
    uintx ReservedCodeCacheSize                    = 251658240                              {pd product} {ergonomic}
     bool SegmentedCodeCache                       = true                                      {product} {ergonomic}
   size_t SoftMaxHeapSize                          = 2103443456                             {manageable} {ergonomic}
     bool UseCompressedOops                        = true                           {product lp64_product} {ergonomic}
     bool UseG1GC                                  = true                                      {product} {ergonomic}
     bool UseLargePagesIndividualAllocation        = false                                  {pd product} {ergonomic}

Logging:
Log output configuration:
 #0: stdout all=warning uptime,level,tags foldmultilines=false
 #1: stderr all=off uptime,level,tags foldmultilines=false

Environment Variables:
PATH=C:\Program Files\Common Files\Oracle\Java\javapath;C:\WINDOWS\system32;C:\WINDOWS;C:\WINDOWS\System32\Wbem;C:\WINDOWS\System32\WindowsPowerShell\v1.0\;C:\WINDOWS\System32\OpenSSH\;C:\Program Files\Java\jdk-21\bin;C:\Program Files\Amazon\AWSCLIV2\;C:\Program Files\Git\cmd;C:\Program Files\Git\mingw64\bin;C:\Program Files\Git\usr\bin;C:\Program Files\MySQL\MySQL Shell 8.0\bin\;C:\Users\Dainy\AppData\Local\Microsoft\WindowsApps;C:\Program Files\MongoDB\Server\7.0\bin;
USERNAME=Dainy
OS=Windows_NT
PROCESSOR_IDENTIFIER=Intel64 Family 6 Model 142 Stepping 12, GenuineIntel
TMP=C:\Users\Dainy\AppData\Local\Temp
TEMP=C:\Users\Dainy\AppData\Local\Temp




Periodic native trim disabled

---------------  S Y S T E M  ---------------

OS:
 Windows 11 , 64 bit Build 22621 (10.0.22621.4391)
OS uptime: 0 days 7:50 hours

CPU: total 8 (initial active 8) (4 cores per cpu, 2 threads per core) family 6 model 142 stepping 12 microcode 0xde, cx8, cmov, fxsr, ht, mmx, 3dnowpref, sse, sse2, sse3, ssse3, sse4.1, sse4.2, popcnt, lzcnt, tsc, tscinvbit, avx, avx2, aes, erms, clmul, bmi1, bmi2, adx, fma, vzeroupper, clflush, clflushopt, rdtscp, f16c
Processor Information for processor 0
  Max Mhz: 2112, Current Mhz: 1508, Mhz Limit: 1605
Processor Information for processor 1
  Max Mhz: 2112, Current Mhz: 1609, Mhz Limit: 1605
Processor Information for processor 2
  Max Mhz: 2112, Current Mhz: 1508, Mhz Limit: 1605
Processor Information for processor 3
  Max Mhz: 2112, Current Mhz: 1609, Mhz Limit: 1605
Processor Information for processor 4
  Max Mhz: 2112, Current Mhz: 1609, Mhz Limit: 1605
Processor Information for processor 5
  Max Mhz: 2112, Current Mhz: 1508, Mhz Limit: 1605
Processor Information for processor 6
  Max Mhz: 2112, Current Mhz: 1508, Mhz Limit: 1605
Processor Information for processor 7
  Max Mhz: 2112, Current Mhz: 1508, Mhz Limit: 1605

Memory: 4k page, system-wide physical 8022M (608M free)
TotalPageFile size 10070M (AvailPageFile size 0M)
current process WorkingSet (physical memory assigned to process): 138M, peak: 138M
current process commit charge ("private bytes"): 262M, peak: 263M

vm_info: Java HotSpot(TM) 64-Bit Server VM (21.0.1+12-LTS-29) for windows-amd64 JRE (21.0.1+12-LTS-29), built on 2023-10-05T13:27:09Z by "mach5one" with MS VC++ 17.1 (VS2022)

END.
