#
# There is insufficient memory for the Java Runtime Environment to continue.
# Native memory allocation (malloc) failed to allocate 1585952 bytes for Chunk::new
# Possible reasons:
#   The system is out of physical RAM or swap space
#   The process is running with CompressedOops enabled, and the Java Heap may be blocking the growth of the native heap
# Possible solutions:
#   Reduce memory load on the system
#   Increase physical memory or swap space
#   Check if swap backing store is full
#   Decrease Java heap size (-Xmx/-Xms)
#   Decrease number of Java threads
#   Decrease Java thread stack sizes (-Xss)
#   Set larger code cache with -XX:ReservedCodeCacheSize=
#   JVM is running with Unscaled Compressed Oops mode in which the Java heap is
#     placed in the first 4GB address space. The Java Heap base address is the
#     maximum limit for the native heap growth. Please use -XX:HeapBaseMinAddress
#     to set the Java Heap base and to place the Java Heap above 4GB virtual address.
# This output file may be truncated or incomplete.
#
#  Out of Memory Error (arena.cpp:168), pid=12964, tid=16184
#
# JRE version: Java(TM) SE Runtime Environment (21.0.1+12) (build 21.0.1+12-LTS-29)
# Java VM: Java HotSpot(TM) 64-Bit Server VM (21.0.1+12-LTS-29, mixed mode, sharing, tiered, compressed oops, compressed class ptrs, g1 gc, windows-amd64)
# No core dump will be written. Minidumps are not enabled by default on client versions of Windows
#

---------------  S U M M A R Y ------------

Command Line: -javaagent:C:\Program Files\JetBrains\IntelliJ IDEA Community Edition 2024.1\lib\idea_rt.jar=62805:C:\Program Files\JetBrains\IntelliJ IDEA Community Edition 2024.1\bin -Dfile.encoding=UTF-8 -Dsun.stdout.encoding=UTF-8 -Dsun.stderr.encoding=UTF-8 com.springboot.blog.SpringbootBlogRestApiApplication

Host: Intel(R) Core(TM) i5-10210U CPU @ 1.60GHz, 8 cores, 7G,  Windows 11 , 64 bit Build 22621 (10.0.22621.4391)
Time: Wed Nov 27 00:38:51 2024 India Standard Time elapsed time: 2.211659 seconds (0d 0h 0m 2s)

---------------  T H R E A D  ---------------

Current thread (0x00000295871e5220):  JavaThread "C2 CompilerThread1" daemon [_thread_in_native, id=16184, stack(0x000000eb0fe00000,0x000000eb0ff00000) (1024K)]


Current CompileTask:
C2:   2211 2128       4       java.lang.invoke.MethodType::makeImpl (109 bytes)

Stack: [0x000000eb0fe00000,0x000000eb0ff00000]
Native frames: (J=compiled Java code, j=interpreted, Vv=VM code, C=native code)
V  [jvm.dll+0x6c9029]
V  [jvm.dll+0x854b81]
V  [jvm.dll+0x856e5e]
V  [jvm.dll+0x857543]
V  [jvm.dll+0x280c06]
V  [jvm.dll+0xc3ead]
V  [jvm.dll+0xc43c3]
V  [jvm.dll+0x3b576c]
V  [jvm.dll+0x382475]
V  [jvm.dll+0x3818ea]
V  [jvm.dll+0x249ad0]
V  [jvm.dll+0x2490b1]
V  [jvm.dll+0x1c9ca1]
V  [jvm.dll+0x2586b9]
V  [jvm.dll+0x256c9a]
V  [jvm.dll+0x3ef1b6]
V  [jvm.dll+0x7fd728]
V  [jvm.dll+0x6c777d]
C  [ucrtbase.dll+0x29333]
C  [KERNEL32.DLL+0x1259d]
C  [ntdll.dll+0x5af38]


---------------  P R O C E S S  ---------------

Threads class SMR info:
_java_thread_list=0x000002958809e1e0, length=16, elements={
0x00000295251e8d20, 0x0000029541ac5e00, 0x0000029541ac6a60, 0x0000029541ac8a10,
0x0000029541acb7e0, 0x0000029541acc9e0, 0x0000029541acdbe0, 0x0000029541ae1d70,
0x0000029541b033c0, 0x0000029541a91e60, 0x00000295871e5220, 0x00000295872f7e30,
0x00000295873f3630, 0x000002958775b9f0, 0x0000029587725ed0, 0x0000029587fc2660
}

Java Threads: ( => current thread )
  0x00000295251e8d20 JavaThread "main"                              [_thread_blocked, id=14624, stack(0x000000eb0ed00000,0x000000eb0ee00000) (1024K)]
  0x0000029541ac5e00 JavaThread "Reference Handler"          daemon [_thread_blocked, id=10024, stack(0x000000eb0f500000,0x000000eb0f600000) (1024K)]
  0x0000029541ac6a60 JavaThread "Finalizer"                  daemon [_thread_blocked, id=16080, stack(0x000000eb0f600000,0x000000eb0f700000) (1024K)]
  0x0000029541ac8a10 JavaThread "Signal Dispatcher"          daemon [_thread_blocked, id=4388, stack(0x000000eb0f700000,0x000000eb0f800000) (1024K)]
  0x0000029541acb7e0 JavaThread "Attach Listener"            daemon [_thread_blocked, id=9176, stack(0x000000eb0f800000,0x000000eb0f900000) (1024K)]
  0x0000029541acc9e0 JavaThread "Service Thread"             daemon [_thread_blocked, id=5344, stack(0x000000eb0f900000,0x000000eb0fa00000) (1024K)]
  0x0000029541acdbe0 JavaThread "Monitor Deflation Thread"   daemon [_thread_blocked, id=8712, stack(0x000000eb0fa00000,0x000000eb0fb00000) (1024K)]
  0x0000029541ae1d70 JavaThread "C2 CompilerThread0"         daemon [_thread_in_native, id=16588, stack(0x000000eb0fb00000,0x000000eb0fc00000) (1024K)]
  0x0000029541b033c0 JavaThread "C1 CompilerThread0"         daemon [_thread_in_native, id=12368, stack(0x000000eb0fc00000,0x000000eb0fd00000) (1024K)]
  0x0000029541a91e60 JavaThread "Common-Cleaner"             daemon [_thread_blocked, id=15108, stack(0x000000eb0fd00000,0x000000eb0fe00000) (1024K)]
=>0x00000295871e5220 JavaThread "C2 CompilerThread1"         daemon [_thread_in_native, id=16184, stack(0x000000eb0fe00000,0x000000eb0ff00000) (1024K)]
  0x00000295872f7e30 JavaThread "Monitor Ctrl-Break"         daemon [_thread_in_native, id=14392, stack(0x000000eb0ff00000,0x000000eb10000000) (1024K)]
  0x00000295873f3630 JavaThread "Notification Thread"        daemon [_thread_blocked, id=7524, stack(0x000000eb10000000,0x000000eb10100000) (1024K)]
  0x000002958775b9f0 JavaThread "Thread-0"                          [_thread_blocked, id=1624, stack(0x000000eb10100000,0x000000eb10200000) (1024K)]
  0x0000029587725ed0 JavaThread "restartedMain"                     [_thread_in_Java, id=12776, stack(0x000000eb10200000,0x000000eb10300000) (1024K)]
  0x0000029587fc2660 JavaThread "C2 CompilerThread2"         daemon [_thread_in_native, id=4548, stack(0x000000eb10c00000,0x000000eb10d00000) (1024K)]
Total: 16

Other Threads:
  0x0000029541aa89d0 VMThread "VM Thread"                           [id=3920, stack(0x000000eb0f400000,0x000000eb0f500000) (1024K)]
  0x0000029541a8fe00 WatcherThread "VM Periodic Task Thread"        [id=3384, stack(0x000000eb0f300000,0x000000eb0f400000) (1024K)]
  0x0000029525242ca0 WorkerThread "GC Thread#0"                     [id=14300, stack(0x000000eb0ee00000,0x000000eb0ef00000) (1024K)]
  0x0000029587c7cf20 WorkerThread "GC Thread#1"                     [id=17588, stack(0x000000eb10300000,0x000000eb10400000) (1024K)]
  0x0000029587c3d870 WorkerThread "GC Thread#2"                     [id=15928, stack(0x000000eb10400000,0x000000eb10500000) (1024K)]
  0x0000029587d4f840 WorkerThread "GC Thread#3"                     [id=5800, stack(0x000000eb10500000,0x000000eb10600000) (1024K)]
  0x0000029587d4fbe0 WorkerThread "GC Thread#4"                     [id=9524, stack(0x000000eb10600000,0x000000eb10700000) (1024K)]
  0x0000029587ca4270 WorkerThread "GC Thread#5"                     [id=10816, stack(0x000000eb10700000,0x000000eb10800000) (1024K)]
  0x0000029587fd2e90 WorkerThread "GC Thread#6"                     [id=17528, stack(0x000000eb10900000,0x000000eb10a00000) (1024K)]
  0x0000029587fd40b0 WorkerThread "GC Thread#7"                     [id=12704, stack(0x000000eb10a00000,0x000000eb10b00000) (1024K)]
  0x0000029522fca290 ConcurrentGCThread "G1 Main Marker"            [id=14020, stack(0x000000eb0ef00000,0x000000eb0f000000) (1024K)]
  0x000002952524fa30 WorkerThread "G1 Conc#0"                       [id=9476, stack(0x000000eb0f000000,0x000000eb0f100000) (1024K)]
  0x000002952529eaa0 ConcurrentGCThread "G1 Refine#0"               [id=160, stack(0x000000eb0f100000,0x000000eb0f200000) (1024K)]
  0x0000029541964750 ConcurrentGCThread "G1 Service"                [id=10636, stack(0x000000eb0f200000,0x000000eb0f300000) (1024K)]
Total: 14

Threads with active compile tasks:
C2 CompilerThread0     2260 2267       4       java.util.Properties::loadConvert (540 bytes)
C1 CompilerThread0     2260 2314       3       java.lang.Class::newReflectionData (66 bytes)
C2 CompilerThread1     2260 2128       4       java.lang.invoke.MethodType::makeImpl (109 bytes)
C2 CompilerThread2     2260 2269 %     4       java.util.Properties::load0 @ 29 (249 bytes)
Total: 4

VM state: not at safepoint (normal execution)

VM Mutex/Monitor currently owned by a thread: None

Heap address: 0x0000000082a00000, size: 2006 MB, Compressed Oops mode: 32-bit

CDS archive(s) mapped at: [0x0000029542000000-0x0000029542c90000-0x0000029542c90000), size 13172736, SharedBaseAddress: 0x0000029542000000, ArchiveRelocationMode: 1.
Compressed class space mapped at: 0x0000029543000000-0x0000029583000000, reserved size: 1073741824
Narrow klass base: 0x0000029542000000, Narrow klass shift: 0, Narrow klass range: 0x100000000

GC Precious Log:
 CardTable entry size: 512
 Card Set container configuration: InlinePtr #cards 5 size 8 Array Of Cards #cards 12 size 40 Howl #buckets 4 coarsen threshold 1843 Howl Bitmap #cards 512 size 80 coarsen threshold 460 Card regions per heap region 1 cards per card region 2048
 CPUs: 8 total, 8 available
 Memory: 8022M
 Large Page Support: Disabled
 NUMA Support: Disabled
 Compressed Oops: Enabled (32-bit)
 Heap Region Size: 1M
 Heap Min Capacity: 8M
 Heap Initial Capacity: 126M
 Heap Max Capacity: 2006M
 Pre-touch: Disabled
 Parallel Workers: 8
 Concurrent Workers: 2
 Concurrent Refinement Workers: 8
 Periodic GC: Disabled

Heap:
 garbage-first heap   total 129024K, used 30018K [0x0000000082a00000, 0x0000000100000000)
  region size 1024K, 24 young (24576K), 4 survivors (4096K)
 Metaspace       used 18658K, committed 19008K, reserved 1114112K
  class space    used 2267K, committed 2432K, reserved 1048576K

Heap Regions: E=young(eden), S=young(survivor), O=old, HS=humongous(starts), HC=humongous(continues), CS=collection set, F=free, TAMS=top-at-mark-start, PB=parsable bottom
|   0|0x0000000082a00000, 0x0000000082b00000, 0x0000000082b00000|100%|HS|  |TAMS 0x0000000082a00000| PB 0x0000000082a00000| Complete 
|   1|0x0000000082b00000, 0x0000000082c00000, 0x0000000082c00000|100%|HS|  |TAMS 0x0000000082b00000| PB 0x0000000082b00000| Complete 
|   2|0x0000000082c00000, 0x0000000082d00000, 0x0000000082d00000|100%| O|  |TAMS 0x0000000082c00000| PB 0x0000000082c00000| Untracked 
|   3|0x0000000082d00000, 0x0000000082e00000, 0x0000000082e00000|100%| O|  |TAMS 0x0000000082d00000| PB 0x0000000082d00000| Untracked 
|   4|0x0000000082e00000, 0x0000000082f00000, 0x0000000082f00000|100%| O|  |TAMS 0x0000000082e00000| PB 0x0000000082e00000| Untracked 
|   5|0x0000000082f00000, 0x0000000083000000, 0x0000000083000000|100%| O|  |TAMS 0x0000000082f00000| PB 0x0000000082f00000| Untracked 
|   6|0x0000000083000000, 0x0000000083100000, 0x0000000083100000|100%| O|  |TAMS 0x0000000083000000| PB 0x0000000083000000| Untracked 
|   7|0x0000000083100000, 0x000000008313e980, 0x0000000083200000| 24%| O|  |TAMS 0x0000000083100000| PB 0x0000000083100000| Untracked 
|   8|0x0000000083200000, 0x0000000083200000, 0x0000000083300000|  0%| F|  |TAMS 0x0000000083200000| PB 0x0000000083200000| Untracked 
|   9|0x0000000083300000, 0x0000000083300000, 0x0000000083400000|  0%| F|  |TAMS 0x0000000083300000| PB 0x0000000083300000| Untracked 
|  10|0x0000000083400000, 0x0000000083400000, 0x0000000083500000|  0%| F|  |TAMS 0x0000000083400000| PB 0x0000000083400000| Untracked 
|  11|0x0000000083500000, 0x0000000083500000, 0x0000000083600000|  0%| F|  |TAMS 0x0000000083500000| PB 0x0000000083500000| Untracked 
|  12|0x0000000083600000, 0x0000000083600000, 0x0000000083700000|  0%| F|  |TAMS 0x0000000083600000| PB 0x0000000083600000| Untracked 
|  13|0x0000000083700000, 0x0000000083700000, 0x0000000083800000|  0%| F|  |TAMS 0x0000000083700000| PB 0x0000000083700000| Untracked 
|  14|0x0000000083800000, 0x0000000083800000, 0x0000000083900000|  0%| F|  |TAMS 0x0000000083800000| PB 0x0000000083800000| Untracked 
|  15|0x0000000083900000, 0x0000000083900000, 0x0000000083a00000|  0%| F|  |TAMS 0x0000000083900000| PB 0x0000000083900000| Untracked 
|  16|0x0000000083a00000, 0x0000000083a00000, 0x0000000083b00000|  0%| F|  |TAMS 0x0000000083a00000| PB 0x0000000083a00000| Untracked 
|  17|0x0000000083b00000, 0x0000000083b00000, 0x0000000083c00000|  0%| F|  |TAMS 0x0000000083b00000| PB 0x0000000083b00000| Untracked 
|  18|0x0000000083c00000, 0x0000000083c00000, 0x0000000083d00000|  0%| F|  |TAMS 0x0000000083c00000| PB 0x0000000083c00000| Untracked 
|  19|0x0000000083d00000, 0x0000000083d00000, 0x0000000083e00000|  0%| F|  |TAMS 0x0000000083d00000| PB 0x0000000083d00000| Untracked 
|  20|0x0000000083e00000, 0x0000000083e00000, 0x0000000083f00000|  0%| F|  |TAMS 0x0000000083e00000| PB 0x0000000083e00000| Untracked 
|  21|0x0000000083f00000, 0x0000000083f00000, 0x0000000084000000|  0%| F|  |TAMS 0x0000000083f00000| PB 0x0000000083f00000| Untracked 
|  22|0x0000000084000000, 0x0000000084000000, 0x0000000084100000|  0%| F|  |TAMS 0x0000000084000000| PB 0x0000000084000000| Untracked 
|  23|0x0000000084100000, 0x0000000084100000, 0x0000000084200000|  0%| F|  |TAMS 0x0000000084100000| PB 0x0000000084100000| Untracked 
|  24|0x0000000084200000, 0x0000000084200000, 0x0000000084300000|  0%| F|  |TAMS 0x0000000084200000| PB 0x0000000084200000| Untracked 
|  25|0x0000000084300000, 0x0000000084300000, 0x0000000084400000|  0%| F|  |TAMS 0x0000000084300000| PB 0x0000000084300000| Untracked 
|  26|0x0000000084400000, 0x0000000084400000, 0x0000000084500000|  0%| F|  |TAMS 0x0000000084400000| PB 0x0000000084400000| Untracked 
|  27|0x0000000084500000, 0x0000000084500000, 0x0000000084600000|  0%| F|  |TAMS 0x0000000084500000| PB 0x0000000084500000| Untracked 
|  28|0x0000000084600000, 0x0000000084600000, 0x0000000084700000|  0%| F|  |TAMS 0x0000000084600000| PB 0x0000000084600000| Untracked 
|  29|0x0000000084700000, 0x0000000084700000, 0x0000000084800000|  0%| F|  |TAMS 0x0000000084700000| PB 0x0000000084700000| Untracked 
|  30|0x0000000084800000, 0x0000000084800000, 0x0000000084900000|  0%| F|  |TAMS 0x0000000084800000| PB 0x0000000084800000| Untracked 
|  31|0x0000000084900000, 0x0000000084900000, 0x0000000084a00000|  0%| F|  |TAMS 0x0000000084900000| PB 0x0000000084900000| Untracked 
|  32|0x0000000084a00000, 0x0000000084a00000, 0x0000000084b00000|  0%| F|  |TAMS 0x0000000084a00000| PB 0x0000000084a00000| Untracked 
|  33|0x0000000084b00000, 0x0000000084b00000, 0x0000000084c00000|  0%| F|  |TAMS 0x0000000084b00000| PB 0x0000000084b00000| Untracked 
|  34|0x0000000084c00000, 0x0000000084c00000, 0x0000000084d00000|  0%| F|  |TAMS 0x0000000084c00000| PB 0x0000000084c00000| Untracked 
|  35|0x0000000084d00000, 0x0000000084d00000, 0x0000000084e00000|  0%| F|  |TAMS 0x0000000084d00000| PB 0x0000000084d00000| Untracked 
|  36|0x0000000084e00000, 0x0000000084e00000, 0x0000000084f00000|  0%| F|  |TAMS 0x0000000084e00000| PB 0x0000000084e00000| Untracked 
|  37|0x0000000084f00000, 0x0000000084f00000, 0x0000000085000000|  0%| F|  |TAMS 0x0000000084f00000| PB 0x0000000084f00000| Untracked 
|  38|0x0000000085000000, 0x0000000085000000, 0x0000000085100000|  0%| F|  |TAMS 0x0000000085000000| PB 0x0000000085000000| Untracked 
|  39|0x0000000085100000, 0x0000000085100000, 0x0000000085200000|  0%| F|  |TAMS 0x0000000085100000| PB 0x0000000085100000| Untracked 
|  40|0x0000000085200000, 0x0000000085200000, 0x0000000085300000|  0%| F|  |TAMS 0x0000000085200000| PB 0x0000000085200000| Untracked 
|  41|0x0000000085300000, 0x0000000085300000, 0x0000000085400000|  0%| F|  |TAMS 0x0000000085300000| PB 0x0000000085300000| Untracked 
|  42|0x0000000085400000, 0x0000000085400000, 0x0000000085500000|  0%| F|  |TAMS 0x0000000085400000| PB 0x0000000085400000| Untracked 
|  43|0x0000000085500000, 0x0000000085500000, 0x0000000085600000|  0%| F|  |TAMS 0x0000000085500000| PB 0x0000000085500000| Untracked 
|  44|0x0000000085600000, 0x0000000085600000, 0x0000000085700000|  0%| F|  |TAMS 0x0000000085600000| PB 0x0000000085600000| Untracked 
|  45|0x0000000085700000, 0x0000000085700000, 0x0000000085800000|  0%| F|  |TAMS 0x0000000085700000| PB 0x0000000085700000| Untracked 
|  46|0x0000000085800000, 0x0000000085800000, 0x0000000085900000|  0%| F|  |TAMS 0x0000000085800000| PB 0x0000000085800000| Untracked 
|  47|0x0000000085900000, 0x0000000085900000, 0x0000000085a00000|  0%| F|  |TAMS 0x0000000085900000| PB 0x0000000085900000| Untracked 
|  48|0x0000000085a00000, 0x0000000085a00000, 0x0000000085b00000|  0%| F|  |TAMS 0x0000000085a00000| PB 0x0000000085a00000| Untracked 
|  49|0x0000000085b00000, 0x0000000085b00000, 0x0000000085c00000|  0%| F|  |TAMS 0x0000000085b00000| PB 0x0000000085b00000| Untracked 
|  50|0x0000000085c00000, 0x0000000085c00000, 0x0000000085d00000|  0%| F|  |TAMS 0x0000000085c00000| PB 0x0000000085c00000| Untracked 
|  51|0x0000000085d00000, 0x0000000085d00000, 0x0000000085e00000|  0%| F|  |TAMS 0x0000000085d00000| PB 0x0000000085d00000| Untracked 
|  52|0x0000000085e00000, 0x0000000085e00000, 0x0000000085f00000|  0%| F|  |TAMS 0x0000000085e00000| PB 0x0000000085e00000| Untracked 
|  53|0x0000000085f00000, 0x0000000085f00000, 0x0000000086000000|  0%| F|  |TAMS 0x0000000085f00000| PB 0x0000000085f00000| Untracked 
|  54|0x0000000086000000, 0x0000000086000000, 0x0000000086100000|  0%| F|  |TAMS 0x0000000086000000| PB 0x0000000086000000| Untracked 
|  55|0x0000000086100000, 0x0000000086100000, 0x0000000086200000|  0%| F|  |TAMS 0x0000000086100000| PB 0x0000000086100000| Untracked 
|  56|0x0000000086200000, 0x0000000086200000, 0x0000000086300000|  0%| F|  |TAMS 0x0000000086200000| PB 0x0000000086200000| Untracked 
|  57|0x0000000086300000, 0x0000000086300000, 0x0000000086400000|  0%| F|  |TAMS 0x0000000086300000| PB 0x0000000086300000| Untracked 
|  58|0x0000000086400000, 0x0000000086400000, 0x0000000086500000|  0%| F|  |TAMS 0x0000000086400000| PB 0x0000000086400000| Untracked 
|  59|0x0000000086500000, 0x0000000086500000, 0x0000000086600000|  0%| F|  |TAMS 0x0000000086500000| PB 0x0000000086500000| Untracked 
|  60|0x0000000086600000, 0x0000000086600000, 0x0000000086700000|  0%| F|  |TAMS 0x0000000086600000| PB 0x0000000086600000| Untracked 
|  61|0x0000000086700000, 0x0000000086700000, 0x0000000086800000|  0%| F|  |TAMS 0x0000000086700000| PB 0x0000000086700000| Untracked 
|  62|0x0000000086800000, 0x0000000086800000, 0x0000000086900000|  0%| F|  |TAMS 0x0000000086800000| PB 0x0000000086800000| Untracked 
|  63|0x0000000086900000, 0x0000000086900000, 0x0000000086a00000|  0%| F|  |TAMS 0x0000000086900000| PB 0x0000000086900000| Untracked 
|  64|0x0000000086a00000, 0x0000000086a00000, 0x0000000086b00000|  0%| F|  |TAMS 0x0000000086a00000| PB 0x0000000086a00000| Untracked 
|  65|0x0000000086b00000, 0x0000000086b00000, 0x0000000086c00000|  0%| F|  |TAMS 0x0000000086b00000| PB 0x0000000086b00000| Untracked 
|  66|0x0000000086c00000, 0x0000000086c00000, 0x0000000086d00000|  0%| F|  |TAMS 0x0000000086c00000| PB 0x0000000086c00000| Untracked 
|  67|0x0000000086d00000, 0x0000000086d00000, 0x0000000086e00000|  0%| F|  |TAMS 0x0000000086d00000| PB 0x0000000086d00000| Untracked 
|  68|0x0000000086e00000, 0x0000000086e00000, 0x0000000086f00000|  0%| F|  |TAMS 0x0000000086e00000| PB 0x0000000086e00000| Untracked 
|  69|0x0000000086f00000, 0x0000000086f00000, 0x0000000087000000|  0%| F|  |TAMS 0x0000000086f00000| PB 0x0000000086f00000| Untracked 
|  70|0x0000000087000000, 0x0000000087000000, 0x0000000087100000|  0%| F|  |TAMS 0x0000000087000000| PB 0x0000000087000000| Untracked 
|  71|0x0000000087100000, 0x0000000087100000, 0x0000000087200000|  0%| F|  |TAMS 0x0000000087100000| PB 0x0000000087100000| Untracked 
|  72|0x0000000087200000, 0x0000000087200000, 0x0000000087300000|  0%| F|  |TAMS 0x0000000087200000| PB 0x0000000087200000| Untracked 
|  73|0x0000000087300000, 0x0000000087300000, 0x0000000087400000|  0%| F|  |TAMS 0x0000000087300000| PB 0x0000000087300000| Untracked 
|  74|0x0000000087400000, 0x0000000087400000, 0x0000000087500000|  0%| F|  |TAMS 0x0000000087400000| PB 0x0000000087400000| Untracked 
|  75|0x0000000087500000, 0x0000000087500000, 0x0000000087600000|  0%| F|  |TAMS 0x0000000087500000| PB 0x0000000087500000| Untracked 
|  76|0x0000000087600000, 0x0000000087600000, 0x0000000087700000|  0%| F|  |TAMS 0x0000000087600000| PB 0x0000000087600000| Untracked 
|  77|0x0000000087700000, 0x0000000087700000, 0x0000000087800000|  0%| F|  |TAMS 0x0000000087700000| PB 0x0000000087700000| Untracked 
|  78|0x0000000087800000, 0x0000000087800000, 0x0000000087900000|  0%| F|  |TAMS 0x0000000087800000| PB 0x0000000087800000| Untracked 
|  79|0x0000000087900000, 0x0000000087900000, 0x0000000087a00000|  0%| F|  |TAMS 0x0000000087900000| PB 0x0000000087900000| Untracked 
|  80|0x0000000087a00000, 0x0000000087a00000, 0x0000000087b00000|  0%| F|  |TAMS 0x0000000087a00000| PB 0x0000000087a00000| Untracked 
|  81|0x0000000087b00000, 0x0000000087b00000, 0x0000000087c00000|  0%| F|  |TAMS 0x0000000087b00000| PB 0x0000000087b00000| Untracked 
|  82|0x0000000087c00000, 0x0000000087c00000, 0x0000000087d00000|  0%| F|  |TAMS 0x0000000087c00000| PB 0x0000000087c00000| Untracked 
|  83|0x0000000087d00000, 0x0000000087d00000, 0x0000000087e00000|  0%| F|  |TAMS 0x0000000087d00000| PB 0x0000000087d00000| Untracked 
|  84|0x0000000087e00000, 0x0000000087e00000, 0x0000000087f00000|  0%| F|  |TAMS 0x0000000087e00000| PB 0x0000000087e00000| Untracked 
|  85|0x0000000087f00000, 0x0000000087f00000, 0x0000000088000000|  0%| F|  |TAMS 0x0000000087f00000| PB 0x0000000087f00000| Untracked 
|  86|0x0000000088000000, 0x0000000088000000, 0x0000000088100000|  0%| F|  |TAMS 0x0000000088000000| PB 0x0000000088000000| Untracked 
|  87|0x0000000088100000, 0x0000000088100000, 0x0000000088200000|  0%| F|  |TAMS 0x0000000088100000| PB 0x0000000088100000| Untracked 
|  88|0x0000000088200000, 0x0000000088200000, 0x0000000088300000|  0%| F|  |TAMS 0x0000000088200000| PB 0x0000000088200000| Untracked 
|  89|0x0000000088300000, 0x00000000883121c0, 0x0000000088400000|  7%| S|CS|TAMS 0x0000000088300000| PB 0x0000000088300000| Complete 
|  90|0x0000000088400000, 0x0000000088500000, 0x0000000088500000|100%| S|CS|TAMS 0x0000000088400000| PB 0x0000000088400000| Complete 
|  91|0x0000000088500000, 0x0000000088600000, 0x0000000088600000|100%| S|CS|TAMS 0x0000000088500000| PB 0x0000000088500000| Complete 
|  92|0x0000000088600000, 0x0000000088700000, 0x0000000088700000|100%| S|CS|TAMS 0x0000000088600000| PB 0x0000000088600000| Complete 
|  93|0x0000000088700000, 0x0000000088700000, 0x0000000088800000|  0%| F|  |TAMS 0x0000000088700000| PB 0x0000000088700000| Untracked 
|  94|0x0000000088800000, 0x0000000088800000, 0x0000000088900000|  0%| F|  |TAMS 0x0000000088800000| PB 0x0000000088800000| Untracked 
|  95|0x0000000088900000, 0x0000000088900000, 0x0000000088a00000|  0%| F|  |TAMS 0x0000000088900000| PB 0x0000000088900000| Untracked 
|  96|0x0000000088a00000, 0x0000000088a00000, 0x0000000088b00000|  0%| F|  |TAMS 0x0000000088a00000| PB 0x0000000088a00000| Untracked 
|  97|0x0000000088b00000, 0x0000000088b00000, 0x0000000088c00000|  0%| F|  |TAMS 0x0000000088b00000| PB 0x0000000088b00000| Untracked 
|  98|0x0000000088c00000, 0x0000000088c00000, 0x0000000088d00000|  0%| F|  |TAMS 0x0000000088c00000| PB 0x0000000088c00000| Untracked 
|  99|0x0000000088d00000, 0x0000000088d00000, 0x0000000088e00000|  0%| F|  |TAMS 0x0000000088d00000| PB 0x0000000088d00000| Untracked 
| 100|0x0000000088e00000, 0x0000000088e00000, 0x0000000088f00000|  0%| F|  |TAMS 0x0000000088e00000| PB 0x0000000088e00000| Untracked 
| 101|0x0000000088f00000, 0x0000000088f00000, 0x0000000089000000|  0%| F|  |TAMS 0x0000000088f00000| PB 0x0000000088f00000| Untracked 
| 102|0x0000000089000000, 0x0000000089000000, 0x0000000089100000|  0%| F|  |TAMS 0x0000000089000000| PB 0x0000000089000000| Untracked 
| 103|0x0000000089100000, 0x0000000089100000, 0x0000000089200000|  0%| F|  |TAMS 0x0000000089100000| PB 0x0000000089100000| Untracked 
| 104|0x0000000089200000, 0x0000000089200000, 0x0000000089300000|  0%| F|  |TAMS 0x0000000089200000| PB 0x0000000089200000| Untracked 
| 105|0x0000000089300000, 0x0000000089300000, 0x0000000089400000|  0%| F|  |TAMS 0x0000000089300000| PB 0x0000000089300000| Untracked 
| 106|0x0000000089400000, 0x0000000089500000, 0x0000000089500000|100%| E|  |TAMS 0x0000000089400000| PB 0x0000000089400000| Complete 
| 107|0x0000000089500000, 0x0000000089600000, 0x0000000089600000|100%| E|CS|TAMS 0x0000000089500000| PB 0x0000000089500000| Complete 
| 108|0x0000000089600000, 0x0000000089700000, 0x0000000089700000|100%| E|CS|TAMS 0x0000000089600000| PB 0x0000000089600000| Complete 
| 109|0x0000000089700000, 0x0000000089800000, 0x0000000089800000|100%| E|CS|TAMS 0x0000000089700000| PB 0x0000000089700000| Complete 
| 110|0x0000000089800000, 0x0000000089900000, 0x0000000089900000|100%| E|CS|TAMS 0x0000000089800000| PB 0x0000000089800000| Complete 
| 111|0x0000000089900000, 0x0000000089a00000, 0x0000000089a00000|100%| E|CS|TAMS 0x0000000089900000| PB 0x0000000089900000| Complete 
| 112|0x0000000089a00000, 0x0000000089b00000, 0x0000000089b00000|100%| E|CS|TAMS 0x0000000089a00000| PB 0x0000000089a00000| Complete 
| 113|0x0000000089b00000, 0x0000000089c00000, 0x0000000089c00000|100%| E|CS|TAMS 0x0000000089b00000| PB 0x0000000089b00000| Complete 
| 114|0x0000000089c00000, 0x0000000089d00000, 0x0000000089d00000|100%| E|CS|TAMS 0x0000000089c00000| PB 0x0000000089c00000| Complete 
| 115|0x0000000089d00000, 0x0000000089e00000, 0x0000000089e00000|100%| E|CS|TAMS 0x0000000089d00000| PB 0x0000000089d00000| Complete 
| 116|0x0000000089e00000, 0x0000000089f00000, 0x0000000089f00000|100%| E|CS|TAMS 0x0000000089e00000| PB 0x0000000089e00000| Complete 
| 117|0x0000000089f00000, 0x000000008a000000, 0x000000008a000000|100%| E|CS|TAMS 0x0000000089f00000| PB 0x0000000089f00000| Complete 
| 118|0x000000008a000000, 0x000000008a100000, 0x000000008a100000|100%| E|CS|TAMS 0x000000008a000000| PB 0x000000008a000000| Complete 
| 119|0x000000008a100000, 0x000000008a200000, 0x000000008a200000|100%| E|CS|TAMS 0x000000008a100000| PB 0x000000008a100000| Complete 
| 120|0x000000008a200000, 0x000000008a300000, 0x000000008a300000|100%| E|CS|TAMS 0x000000008a200000| PB 0x000000008a200000| Complete 
| 121|0x000000008a300000, 0x000000008a400000, 0x000000008a400000|100%| E|CS|TAMS 0x000000008a300000| PB 0x000000008a300000| Complete 
| 122|0x000000008a400000, 0x000000008a500000, 0x000000008a500000|100%| E|CS|TAMS 0x000000008a400000| PB 0x000000008a400000| Complete 
| 123|0x000000008a500000, 0x000000008a600000, 0x000000008a600000|100%| E|CS|TAMS 0x000000008a500000| PB 0x000000008a500000| Complete 
| 124|0x000000008a600000, 0x000000008a700000, 0x000000008a700000|100%| E|CS|TAMS 0x000000008a600000| PB 0x000000008a600000| Complete 
| 125|0x000000008a700000, 0x000000008a800000, 0x000000008a800000|100%| E|CS|TAMS 0x000000008a700000| PB 0x000000008a700000| Complete 

Card table byte_map: [0x000002953cd50000,0x000002953d140000] _byte_map_base: 0x000002953c93b000

Marking Bits: (CMBitMap*) 0x00000295252433a0
 Bits: [0x000002953d140000, 0x000002953f098000)

Polling page: 0x0000029523140000

Metaspace:

Usage:
  Non-class:     16.01 MB used.
      Class:      2.22 MB used.
       Both:     18.23 MB used.

Virtual space:
  Non-class space:       64.00 MB reserved,      16.19 MB ( 25%) committed,  1 nodes.
      Class space:        1.00 GB reserved,       2.38 MB ( <1%) committed,  1 nodes.
             Both:        1.06 GB reserved,      18.56 MB (  2%) committed. 

Chunk freelists:
   Non-Class:  15.69 MB
       Class:  13.45 MB
        Both:  29.14 MB

MaxMetaspaceSize: unlimited
CompressedClassSpaceSize: 1.00 GB
Initial GC threshold: 21.00 MB
Current GC threshold: 21.00 MB
CDS: on
 - commit_granule_bytes: 65536.
 - commit_granule_words: 8192.
 - virtual_space_node_default_size: 8388608.
 - enlarge_chunks_in_place: 1.
 - use_allocation_guard: 0.


Internal statistics:

num_allocs_failed_limit: 0.
num_arena_births: 324.
num_arena_deaths: 0.
num_vsnodes_births: 2.
num_vsnodes_deaths: 0.
num_space_committed: 297.
num_space_uncommitted: 0.
num_chunks_returned_to_freelist: 0.
num_chunks_taken_from_freelist: 981.
num_chunk_merges: 0.
num_chunk_splits: 629.
num_chunks_enlarged: 422.
num_inconsistent_stats: 0.

CodeHeap 'non-profiled nmethods': size=120000Kb used=917Kb max_used=917Kb free=119082Kb
 bounds [0x0000029535100000, 0x0000029535370000, 0x000002953c630000]
CodeHeap 'profiled nmethods': size=120000Kb used=4452Kb max_used=4452Kb free=115547Kb
 bounds [0x000002952d630000, 0x000002952da90000, 0x0000029534b60000]
CodeHeap 'non-nmethods': size=5760Kb used=1438Kb max_used=1481Kb free=4321Kb
 bounds [0x0000029534b60000, 0x0000029534dd0000, 0x0000029535100000]
 total_blobs=2836 nmethods=2311 adapters=429
 compilation: enabled
              stopped_count=0, restarted_count=0
 full_count=0

Compilation events (20 events):
Event: 2.188 Thread 0x0000029541b033c0 2251       3       java.util.Collections$3::hasMoreElements (10 bytes)
Event: 2.188 Thread 0x0000029541b033c0 nmethod 2251 0x000002952da5ed10 code [0x000002952da5eec0, 0x000002952da5f098]
Event: 2.188 Thread 0x0000029541b033c0 2252       3       java.util.Collections$3::nextElement (10 bytes)
Event: 2.188 Thread 0x0000029541b033c0 nmethod 2252 0x000002952da5f190 code [0x000002952da5f340, 0x000002952da5f518]
Event: 2.197 Thread 0x0000029541b033c0 2254       3       org.springframework.util.StringUtils::delimitedListToStringArray (164 bytes)
Event: 2.198 Thread 0x0000029587fc2660 nmethod 2156% 0x00000295351db110 code [0x00000295351db3a0, 0x00000295351dc748]
Event: 2.198 Thread 0x0000029587fc2660 2213       4       java.lang.CharacterData::of (136 bytes)
Event: 2.200 Thread 0x0000029587fc2660 nmethod 2213 0x00000295351dd110 code [0x00000295351dd2a0, 0x00000295351dd348]
Event: 2.200 Thread 0x0000029541b033c0 nmethod 2254 0x000002952da5f610 code [0x000002952da5fa20, 0x000002952da618c8]
Event: 2.200 Thread 0x0000029587fc2660 2239       4       java.lang.StringLatin1::toUpperCase (186 bytes)
Event: 2.200 Thread 0x0000029541b033c0 2253       3       org.springframework.util.StringUtils::delimitedListToStringArray (7 bytes)
Event: 2.200 Thread 0x0000029541b033c0 nmethod 2253 0x000002952da62390 code [0x000002952da62540, 0x000002952da62668]
Event: 2.203 Thread 0x0000029541b033c0 2256       3       java.util.LinkedHashMap::<init> (17 bytes)
Event: 2.203 Thread 0x0000029541b033c0 nmethod 2256 0x000002952da62710 code [0x000002952da628c0, 0x000002952da62a18]
Event: 2.203 Thread 0x0000029541b033c0 2258       3       java.util.TreeMap::setColor (10 bytes)
Event: 2.204 Thread 0x0000029541b033c0 nmethod 2258 0x000002952da62b10 code [0x000002952da62ca0, 0x000002952da62dd0]
Event: 2.204 Thread 0x0000029541b033c0 2257       3       java.util.HashSet::<init> (18 bytes)
Event: 2.204 Thread 0x0000029541b033c0 nmethod 2257 0x000002952da62e90 code [0x000002952da63060, 0x000002952da63400]
Event: 2.204 Thread 0x0000029541b033c0 2259       3       java.util.TreeMap::leftOf (13 bytes)
Event: 2.204 Thread 0x0000029541b033c0 nmethod 2259 0x000002952da63590 code [0x000002952da63740, 0x000002952da638b8]

GC Heap History (4 events):
Event: 1.075 GC heap before
{Heap before GC invocations=0 (full 0):
 garbage-first heap   total 129024K, used 24576K [0x0000000082a00000, 0x0000000100000000)
  region size 1024K, 23 young (23552K), 0 survivors (0K)
 Metaspace       used 5882K, committed 6080K, reserved 1114112K
  class space    used 669K, committed 768K, reserved 1048576K
}
Event: 1.080 GC heap after
{Heap after GC invocations=1 (full 0):
 garbage-first heap   total 129024K, used 7253K [0x0000000082a00000, 0x0000000100000000)
  region size 1024K, 3 young (3072K), 3 survivors (3072K)
 Metaspace       used 5882K, committed 6080K, reserved 1114112K
  class space    used 669K, committed 768K, reserved 1048576K
}
Event: 1.889 GC heap before
{Heap before GC invocations=1 (full 0):
 garbage-first heap   total 129024K, used 36949K [0x0000000082a00000, 0x0000000100000000)
  region size 1024K, 33 young (33792K), 3 survivors (3072K)
 Metaspace       used 14159K, committed 14464K, reserved 1114112K
  class space    used 1678K, committed 1792K, reserved 1048576K
}
Event: 1.895 GC heap after
{Heap after GC invocations=2 (full 0):
 garbage-first heap   total 129024K, used 10562K [0x0000000082a00000, 0x0000000100000000)
  region size 1024K, 4 young (4096K), 4 survivors (4096K)
 Metaspace       used 14159K, committed 14464K, reserved 1114112K
  class space    used 1678K, committed 1792K, reserved 1048576K
}

Dll operation events (13 events):
Event: 0.017 Loaded shared library C:\Program Files\Java\jdk-21\bin\java.dll
Event: 0.076 Loaded shared library C:\Program Files\Java\jdk-21\bin\jsvml.dll
Event: 0.236 Loaded shared library C:\Program Files\Java\jdk-21\bin\zip.dll
Event: 0.243 Loaded shared library C:\Program Files\Java\jdk-21\bin\instrument.dll
Event: 0.252 Loaded shared library C:\Program Files\Java\jdk-21\bin\net.dll
Event: 0.254 Loaded shared library C:\Program Files\Java\jdk-21\bin\nio.dll
Event: 0.259 Loaded shared library C:\Program Files\Java\jdk-21\bin\zip.dll
Event: 0.395 Loaded shared library C:\Program Files\JetBrains\IntelliJ IDEA Community Edition 2024.1\bin\breakgen64.dll
Event: 0.411 Loaded shared library C:\Program Files\Java\jdk-21\bin\extnet.dll
Event: 0.463 Loaded shared library C:\Program Files\Java\jdk-21\bin\jimage.dll
Event: 0.893 Loaded shared library C:\Program Files\Java\jdk-21\bin\management.dll
Event: 0.896 Loaded shared library C:\Program Files\Java\jdk-21\bin\management_ext.dll
Event: 2.139 Loaded shared library C:\Program Files\Java\jdk-21\bin\sunmscapi.dll

Deoptimization events (20 events):
Event: 2.039 Thread 0x0000029587ea7050 Uncommon trap: trap_request=0xffffff45 fr.pc=0x00000295351c7524 relative=0x0000000000000344
Event: 2.039 Thread 0x0000029587ea7050 Uncommon trap: reason=unstable_if action=reinterpret pc=0x00000295351c7524 method=java.util.LinkedHashMap.get(Ljava/lang/Object;)Ljava/lang/Object; @ 16 c2
Event: 2.039 Thread 0x0000029587ea7050 DEOPT PACKING pc=0x00000295351c7524 sp=0x000000eb108fe550
Event: 2.039 Thread 0x0000029587ea7050 DEOPT UNPACKING pc=0x0000029534bb46a2 sp=0x000000eb108fe518 mode 2
Event: 2.064 Thread 0x0000029587ea7050 Uncommon trap: trap_request=0xffffff45 fr.pc=0x000002953519c0bc relative=0x00000000000004fc
Event: 2.064 Thread 0x0000029587ea7050 Uncommon trap: reason=unstable_if action=reinterpret pc=0x000002953519c0bc method=java.lang.AbstractStringBuilder.isLatin1()Z @ 10 c2
Event: 2.064 Thread 0x0000029587ea7050 DEOPT PACKING pc=0x000002953519c0bc sp=0x000000eb108fde80
Event: 2.064 Thread 0x0000029587ea7050 DEOPT UNPACKING pc=0x0000029534bb46a2 sp=0x000000eb108fddd0 mode 2
Event: 2.149 Thread 0x0000029587ea7050 Uncommon trap: trap_request=0xffffffc6 fr.pc=0x00000295351b6fec relative=0x000000000000030c
Event: 2.149 Thread 0x0000029587ea7050 Uncommon trap: reason=bimorphic_or_optimized_type_check action=maybe_recompile pc=0x00000295351b6fec method=java.util.HashMap.getNode(Ljava/lang/Object;)Ljava/util/HashMap$Node; @ 128 c2
Event: 2.149 Thread 0x0000029587ea7050 DEOPT PACKING pc=0x00000295351b6fec sp=0x000000eb108fcd20
Event: 2.149 Thread 0x0000029587ea7050 DEOPT UNPACKING pc=0x0000029534bb46a2 sp=0x000000eb108fcc38 mode 2
Event: 2.150 Thread 0x0000029587ea7050 Uncommon trap: trap_request=0xffffffc6 fr.pc=0x00000295351b6fec relative=0x000000000000030c
Event: 2.150 Thread 0x0000029587ea7050 Uncommon trap: reason=bimorphic_or_optimized_type_check action=maybe_recompile pc=0x00000295351b6fec method=java.util.HashMap.getNode(Ljava/lang/Object;)Ljava/util/HashMap$Node; @ 128 c2
Event: 2.150 Thread 0x0000029587ea7050 DEOPT PACKING pc=0x00000295351b6fec sp=0x000000eb108fcd20
Event: 2.150 Thread 0x0000029587ea7050 DEOPT UNPACKING pc=0x0000029534bb46a2 sp=0x000000eb108fcc38 mode 2
Event: 2.150 Thread 0x0000029587ea7050 Uncommon trap: trap_request=0xffffffc6 fr.pc=0x0000029535181518 relative=0x0000000000000398
Event: 2.150 Thread 0x0000029587ea7050 Uncommon trap: reason=bimorphic_or_optimized_type_check action=maybe_recompile pc=0x0000029535181518 method=java.util.HashMap.getNode(Ljava/lang/Object;)Ljava/util/HashMap$Node; @ 128 c2
Event: 2.150 Thread 0x0000029587ea7050 DEOPT PACKING pc=0x0000029535181518 sp=0x000000eb108fccb0
Event: 2.150 Thread 0x0000029587ea7050 DEOPT UNPACKING pc=0x0000029534bb46a2 sp=0x000000eb108fcc38 mode 2

Classes loaded (20 events):
Event: 2.179 Loading class java/security/AuthProvider
Event: 2.179 Loading class java/security/AuthProvider done
Event: 2.180 Loading class java/security/PrivilegedActionException
Event: 2.180 Loading class java/security/PrivilegedActionException done
Event: 2.180 Loading class javax/security/auth/login/FailedLoginException
Event: 2.180 Loading class javax/security/auth/login/FailedLoginException done
Event: 2.181 Loading class javax/security/auth/Subject
Event: 2.181 Loading class javax/security/auth/Subject done
Event: 2.181 Loading class javax/security/auth/callback/CallbackHandler
Event: 2.181 Loading class javax/security/auth/callback/CallbackHandler done
Event: 2.184 Loading class com/sun/security/sasl/Provider
Event: 2.185 Loading class com/sun/security/sasl/Provider done
Event: 2.185 Loading class com/sun/security/sasl/Provider$1
Event: 2.185 Loading class com/sun/security/sasl/Provider$1 done
Event: 2.185 Loading class com/sun/security/sasl/Provider$ProviderService
Event: 2.185 Loading class com/sun/security/sasl/Provider$ProviderService done
Event: 2.186 Loading class sun/security/provider/certpath/ldap/JdkLDAP
Event: 2.186 Loading class sun/security/provider/certpath/ldap/JdkLDAP done
Event: 2.187 Loading class sun/security/provider/certpath/ldap/JdkLDAP$ProviderService
Event: 2.187 Loading class sun/security/provider/certpath/ldap/JdkLDAP$ProviderService done

Classes unloaded (0 events):
No events

Classes redefined (0 events):
No events

Internal exceptions (20 events):
Event: 1.470 Thread 0x0000029587725ed0 Exception <a 'java/lang/NoSuchMethodError'{0x0000000089ee3600}: 'void java.lang.invoke.DirectMethodHandle$Holder.invokeInterface(java.lang.Object, java.lang.Object, java.lang.Object)'> (0x0000000089ee3600) 
thrown [s\open\src\hotspot\share\interpreter\linkResolver.cpp, line 773]
Event: 1.510 Thread 0x0000029587725ed0 Exception <a 'java/lang/NoSuchMethodError'{0x0000000089d7eae8}: 'void java.lang.invoke.DirectMethodHandle$Holder.invokeStaticInit(java.lang.Object, java.lang.Object, java.lang.Object)'> (0x0000000089d7eae8) 
thrown [s\open\src\hotspot\share\interpreter\linkResolver.cpp, line 773]
Event: 1.517 Thread 0x0000029587725ed0 Exception <a 'java/lang/NoSuchMethodError'{0x0000000089dc7ca8}: 'java.lang.Object java.lang.invoke.DirectMethodHandle$Holder.invokeVirtual(java.lang.Object, java.lang.Object, java.lang.Object)'> (0x0000000089dc7ca8) 
thrown [s\open\src\hotspot\share\interpreter\linkResolver.cpp, line 773]
Event: 1.543 Thread 0x0000029587725ed0 Exception <a 'java/lang/NoSuchMethodError'{0x0000000089c4ed70}: 'void java.lang.invoke.DirectMethodHandle$Holder.invokeVirtual(java.lang.Object, java.lang.Object, java.lang.Object, java.lang.Object)'> (0x0000000089c4ed70) 
thrown [s\open\src\hotspot\share\interpreter\linkResolver.cpp, line 773]
Event: 1.611 Thread 0x0000029587ea7050 Exception <a 'java/lang/NoClassDefFoundError'{0x0000000089a51220}: jakarta/validation/Validation> (0x0000000089a51220) 
thrown [s\open\src\hotspot\share\classfile\systemDictionary.cpp, line 301]
Event: 1.612 Thread 0x0000029587725ed0 Exception <a 'java/lang/NoSuchMethodError'{0x0000000089a24570}: 'java.lang.reflect.Field[] java.lang.Class.getDeclaredFields(java.lang.Class)'> (0x0000000089a24570) 
thrown [s\open\src\hotspot\share\interpreter\linkResolver.cpp, line 773]
Event: 1.614 Thread 0x0000029587725ed0 Exception <a 'java/lang/NoSuchMethodError'{0x0000000089a28e70}: 'java.lang.Object java.lang.invoke.DirectMethodHandle$Holder.invokeStatic(java.lang.Object, java.lang.Object, int)'> (0x0000000089a28e70) 
thrown [s\open\src\hotspot\share\interpreter\linkResolver.cpp, line 773]
Event: 1.616 Thread 0x0000029587725ed0 Exception <a 'java/lang/NoSuchMethodError'{0x0000000089a33ff0}: 'void java.lang.invoke.DelegatingMethodHandle$Holder.delegate(java.lang.Object, java.lang.Object, int, java.lang.Object)'> (0x0000000089a33ff0) 
thrown [s\open\src\hotspot\share\interpreter\linkResolver.cpp, line 773]
Event: 1.634 Thread 0x0000029587725ed0 Exception <a 'java/lang/IncompatibleClassChangeError'{0x00000000899aac50}: Found class java.lang.Object, but interface was expected> (0x00000000899aac50) 
thrown [s\open\src\hotspot\share\interpreter\linkResolver.cpp, line 840]
Event: 1.644 Thread 0x0000029587725ed0 Exception <a 'java/lang/NoSuchMethodError'{0x00000000899c18c8}: 'java.lang.Object java.lang.invoke.DirectMethodHandle$Holder.invokeStaticInit(java.lang.Object, int)'> (0x00000000899c18c8) 
thrown [s\open\src\hotspot\share\interpreter\linkResolver.cpp, line 773]
Event: 1.649 Thread 0x0000029587725ed0 Exception <a 'java/lang/NoSuchMethodError'{0x00000000899cb8f0}: 'java.lang.Object java.lang.invoke.DirectMethodHandle$Holder.invokeStatic(java.lang.Object, int, java.lang.Object)'> (0x00000000899cb8f0) 
thrown [s\open\src\hotspot\share\interpreter\linkResolver.cpp, line 773]
Event: 1.650 Thread 0x0000029587725ed0 Exception <a 'java/lang/NoSuchMethodError'{0x00000000899cef40}: 'java.lang.Object java.lang.invoke.DirectMethodHandle$Holder.invokeStaticInit(java.lang.Object, int, java.lang.Object)'> (0x00000000899cef40) 
thrown [s\open\src\hotspot\share\interpreter\linkResolver.cpp, line 773]
Event: 1.987 Thread 0x0000029587725ed0 Exception <a 'java/lang/NoSuchMethodError'{0x0000000089f9e860}: 'int java.lang.invoke.DirectMethodHandle$Holder.invokeSpecial(java.lang.Object, java.lang.Object, java.lang.Object, java.lang.Object, java.lang.Object)'> (0x0000000089f9e860) 
thrown [s\open\src\hotspot\share\interpreter\linkResolver.cpp, line 773]
Event: 1.989 Thread 0x0000029587725ed0 Exception <a 'java/lang/NoSuchMethodError'{0x0000000089fa6c18}: 'void java.lang.invoke.DirectMethodHandle$Holder.invokeVirtual(java.lang.Object, java.lang.Object)'> (0x0000000089fa6c18) 
thrown [s\open\src\hotspot\share\interpreter\linkResolver.cpp, line 773]
Event: 2.005 Thread 0x0000029587ea7050 Exception <a 'java/lang/NoSuchMethodError'{0x0000000089ed0df8}: 'long java.lang.invoke.DirectMethodHandle$Holder.invokeSpecial(java.lang.Object, java.lang.Object)'> (0x0000000089ed0df8) 
thrown [s\open\src\hotspot\share\interpreter\linkResolver.cpp, line 773]
Event: 2.007 Thread 0x0000029587ea7050 Exception <a 'java/lang/NoSuchMethodError'{0x0000000089eda6d8}: 'long java.lang.invoke.DirectMethodHandle$Holder.invokeStatic(java.lang.Object, java.lang.Object)'> (0x0000000089eda6d8) 
thrown [s\open\src\hotspot\share\interpreter\linkResolver.cpp, line 773]
Event: 2.008 Thread 0x0000029587ea7050 Exception <a 'java/lang/NoSuchMethodError'{0x0000000089edd790}: 'long java.lang.invoke.DirectMethodHandle$Holder.invokeStaticInit(java.lang.Object, java.lang.Object)'> (0x0000000089edd790) 
thrown [s\open\src\hotspot\share\interpreter\linkResolver.cpp, line 773]
Event: 2.010 Thread 0x0000029587ea7050 Exception <a 'java/lang/NoSuchMethodError'{0x0000000089ee9628}: 'long java.lang.invoke.DirectMethodHandle$Holder.invokeInterface(java.lang.Object, java.lang.Object)'> (0x0000000089ee9628) 
thrown [s\open\src\hotspot\share\interpreter\linkResolver.cpp, line 773]
Event: 2.010 Thread 0x0000029587ea7050 Exception <a 'java/lang/IncompatibleClassChangeError'{0x0000000089eec628}: Found class java.lang.Object, but interface was expected> (0x0000000089eec628) 
thrown [s\open\src\hotspot\share\interpreter\linkResolver.cpp, line 840]
Event: 2.014 Thread 0x0000029587ea7050 Exception <a 'java/lang/NoSuchMethodError'{0x0000000089d729c0}: 'java.lang.Object java.lang.invoke.DirectMethodHandle$Holder.invokeVirtual(java.lang.Object, java.lang.Object, java.lang.Object, java.lang.Object)'> (0x0000000089d729c0) 
thrown [s\open\src\hotspot\share\interpreter\linkResolver.cpp, line 773]

ZGC Phase Switch (0 events):
No events

VM Operations (20 events):
Event: 1.591 Executing VM operation: HandshakeAllThreads (Deoptimize)
Event: 1.591 Executing VM operation: HandshakeAllThreads (Deoptimize) done
Event: 1.596 Executing VM operation: HandshakeAllThreads (Deoptimize)
Event: 1.596 Executing VM operation: HandshakeAllThreads (Deoptimize) done
Event: 1.596 Executing VM operation: HandshakeAllThreads (Deoptimize)
Event: 1.596 Executing VM operation: HandshakeAllThreads (Deoptimize) done
Event: 1.614 Executing VM operation: HandshakeAllThreads (Deoptimize)
Event: 1.614 Executing VM operation: HandshakeAllThreads (Deoptimize) done
Event: 1.806 Executing VM operation: HandshakeAllThreads (Deoptimize)
Event: 1.806 Executing VM operation: HandshakeAllThreads (Deoptimize) done
Event: 1.889 Executing VM operation: G1CollectForAllocation (G1 Evacuation Pause)
Event: 1.895 Executing VM operation: G1CollectForAllocation (G1 Evacuation Pause) done
Event: 1.910 Executing VM operation: HandshakeAllThreads (Deoptimize)
Event: 1.910 Executing VM operation: HandshakeAllThreads (Deoptimize) done
Event: 1.965 Executing VM operation: HandshakeAllThreads (Deoptimize)
Event: 1.965 Executing VM operation: HandshakeAllThreads (Deoptimize) done
Event: 2.074 Executing VM operation: HandshakeAllThreads (Deoptimize)
Event: 2.074 Executing VM operation: HandshakeAllThreads (Deoptimize) done
Event: 2.148 Executing VM operation: HandshakeAllThreads (Deoptimize)
Event: 2.148 Executing VM operation: HandshakeAllThreads (Deoptimize) done

Events (20 events):
Event: 0.045 Thread 0x00000295251e8d20 Thread added: 0x00000295251e8d20
Event: 0.072 Thread 0x0000029541ac5e00 Thread added: 0x0000029541ac5e00
Event: 0.072 Thread 0x0000029541ac6a60 Thread added: 0x0000029541ac6a60
Event: 0.073 Thread 0x0000029541ac8a10 Thread added: 0x0000029541ac8a10
Event: 0.073 Thread 0x0000029541acb7e0 Thread added: 0x0000029541acb7e0
Event: 0.073 Thread 0x0000029541acc9e0 Thread added: 0x0000029541acc9e0
Event: 0.073 Thread 0x0000029541acdbe0 Thread added: 0x0000029541acdbe0
Event: 0.073 Thread 0x0000029541ae1d70 Thread added: 0x0000029541ae1d70
Event: 0.074 Thread 0x0000029541b033c0 Thread added: 0x0000029541b033c0
Event: 0.201 Thread 0x0000029541a91e60 Thread added: 0x0000029541a91e60
Event: 0.286 Thread 0x00000295871e5220 Thread added: 0x00000295871e5220
Event: 0.396 Thread 0x00000295872f7e30 Thread added: 0x00000295872f7e30
Event: 0.396 Thread 0x00000295873f3630 Thread added: 0x00000295873f3630
Event: 0.956 Thread 0x000002958775b9f0 Thread added: 0x000002958775b9f0
Event: 0.959 Thread 0x0000029587725ed0 Thread added: 0x0000029587725ed0
Event: 1.606 Thread 0x0000029587ea7050 Thread added: 0x0000029587ea7050
Event: 2.055 Thread 0x00000295880c1f20 Thread added: 0x00000295880c1f20
Event: 2.065 Thread 0x0000029587fc2660 Thread added: 0x0000029587fc2660
Event: 2.190 Thread 0x0000029587ea7050 Thread exited: 0x0000029587ea7050
Event: 2.199 Thread 0x00000295880c1f20 Thread exited: 0x00000295880c1f20


Dynamic libraries:
0x00007ff683940000 - 0x00007ff683950000 	C:\Program Files\Java\jdk-21\bin\java.exe
0x00007ffb37f50000 - 0x00007ffb38167000 	C:\WINDOWS\SYSTEM32\ntdll.dll
0x00007ffb36430000 - 0x00007ffb364f4000 	C:\WINDOWS\System32\KERNEL32.DLL
0x00007ffb356e0000 - 0x00007ffb35a99000 	C:\WINDOWS\System32\KERNELBASE.dll
0x00007ffb35520000 - 0x00007ffb35631000 	C:\WINDOWS\System32\ucrtbase.dll
0x00007ffb27250000 - 0x00007ffb2726b000 	C:\Program Files\Java\jdk-21\bin\VCRUNTIME140.dll
0x00007ffb27710000 - 0x00007ffb27729000 	C:\Program Files\Java\jdk-21\bin\jli.dll
0x00007ffb36370000 - 0x00007ffb36422000 	C:\WINDOWS\System32\ADVAPI32.dll
0x00007ffb37690000 - 0x00007ffb37737000 	C:\WINDOWS\System32\msvcrt.dll
0x00007ffb35d00000 - 0x00007ffb35da7000 	C:\WINDOWS\System32\sechost.dll
0x00007ffb35c40000 - 0x00007ffb35c68000 	C:\WINDOWS\System32\bcrypt.dll
0x00007ffb35e20000 - 0x00007ffb35f34000 	C:\WINDOWS\System32\RPCRT4.dll
0x00007ffb36b10000 - 0x00007ffb36cbe000 	C:\WINDOWS\System32\USER32.dll
0x00007ffb35aa0000 - 0x00007ffb35ac6000 	C:\WINDOWS\System32\win32u.dll
0x00007ffb36500000 - 0x00007ffb36529000 	C:\WINDOWS\System32\GDI32.dll
0x00007ffb34530000 - 0x00007ffb347c2000 	C:\WINDOWS\WinSxS\amd64_microsoft.windows.common-controls_6595b64144ccf1df_6.0.22621.4391_none_2715d37f73803e96\COMCTL32.dll
0x00007ffb35380000 - 0x00007ffb3549b000 	C:\WINDOWS\System32\gdi32full.dll
0x00007ffb35640000 - 0x00007ffb356da000 	C:\WINDOWS\System32\msvcp_win.dll
0x00007ffb32fa0000 - 0x00007ffb32faa000 	C:\WINDOWS\SYSTEM32\VERSION.dll
0x00007ffb36330000 - 0x00007ffb36361000 	C:\WINDOWS\System32\IMM32.DLL
0x00007ffb2c380000 - 0x00007ffb2c38c000 	C:\Program Files\Java\jdk-21\bin\vcruntime140_1.dll
0x00007ffb141f0000 - 0x00007ffb1427e000 	C:\Program Files\Java\jdk-21\bin\msvcp140.dll
0x00007ffac45e0000 - 0x00007ffac52f5000 	C:\Program Files\Java\jdk-21\bin\server\jvm.dll
0x00007ffb35f40000 - 0x00007ffb35fb1000 	C:\WINDOWS\System32\WS2_32.dll
0x00007ffb35130000 - 0x00007ffb3517d000 	C:\WINDOWS\SYSTEM32\POWRPROF.dll
0x00007ffb1cf70000 - 0x00007ffb1cfa4000 	C:\WINDOWS\SYSTEM32\WINMM.dll
0x00007ffb35100000 - 0x00007ffb35113000 	C:\WINDOWS\SYSTEM32\UMPDC.dll
0x00007ffb33ba0000 - 0x00007ffb33bb8000 	C:\WINDOWS\SYSTEM32\kernel.appcore.dll
0x00007ffb27700000 - 0x00007ffb2770a000 	C:\Program Files\Java\jdk-21\bin\jimage.dll
0x00007ffb34bb0000 - 0x00007ffb34de2000 	C:\WINDOWS\SYSTEM32\DBGHELP.DLL
0x00007ffb37a00000 - 0x00007ffb37d8f000 	C:\WINDOWS\System32\combase.dll
0x00007ffb37e10000 - 0x00007ffb37ee7000 	C:\WINDOWS\System32\OLEAUT32.dll
0x00007ffb349b0000 - 0x00007ffb349e2000 	C:\WINDOWS\SYSTEM32\dbgcore.DLL
0x00007ffb354a0000 - 0x00007ffb3551b000 	C:\WINDOWS\System32\bcryptPrimitives.dll
0x00007ffb2c580000 - 0x00007ffb2c58f000 	C:\Program Files\Java\jdk-21\bin\instrument.dll
0x00007ffb183f0000 - 0x00007ffb1840f000 	C:\Program Files\Java\jdk-21\bin\java.dll
0x00007ffb36cc0000 - 0x00007ffb37536000 	C:\WINDOWS\System32\SHELL32.dll
0x00007ffb32260000 - 0x00007ffb32b63000 	C:\WINDOWS\SYSTEM32\windows.storage.dll
0x00007ffb32120000 - 0x00007ffb3225f000 	C:\WINDOWS\SYSTEM32\wintypes.dll
0x00007ffb37540000 - 0x00007ffb37639000 	C:\WINDOWS\System32\SHCORE.dll
0x00007ffb35dc0000 - 0x00007ffb35e1e000 	C:\WINDOWS\System32\shlwapi.dll
0x00007ffb35180000 - 0x00007ffb351ab000 	C:\WINDOWS\SYSTEM32\profapi.dll
0x00007ffaf8320000 - 0x00007ffaf83f7000 	C:\Program Files\Java\jdk-21\bin\jsvml.dll
0x00007ffb17a10000 - 0x00007ffb17a28000 	C:\Program Files\Java\jdk-21\bin\zip.dll
0x00007ffb27240000 - 0x00007ffb27250000 	C:\Program Files\Java\jdk-21\bin\net.dll
0x00007ffb2c870000 - 0x00007ffb2c9a6000 	C:\WINDOWS\SYSTEM32\WINHTTP.dll
0x00007ffb33fe0000 - 0x00007ffb34049000 	C:\WINDOWS\system32\mswsock.dll
0x00007ffb18150000 - 0x00007ffb18166000 	C:\Program Files\Java\jdk-21\bin\nio.dll
0x00007ffb27c90000 - 0x00007ffb27caa000 	C:\Program Files\JetBrains\IntelliJ IDEA Community Edition 2024.1\bin\breakgen64.dll
0x00007ffb1b9e0000 - 0x00007ffb1b9e7000 	C:\Program Files\Java\jdk-21\bin\extnet.dll
0x00007ffb28100000 - 0x00007ffb2810a000 	C:\Program Files\Java\jdk-21\bin\management.dll
0x00007ffb280f0000 - 0x00007ffb280fb000 	C:\Program Files\Java\jdk-21\bin\management_ext.dll
0x00007ffb35c70000 - 0x00007ffb35c78000 	C:\WINDOWS\System32\PSAPI.DLL
0x00007ffb17ae0000 - 0x00007ffb17aee000 	C:\Program Files\Java\jdk-21\bin\sunmscapi.dll
0x00007ffb35ad0000 - 0x00007ffb35c36000 	C:\WINDOWS\System32\CRYPT32.dll
0x00007ffb34410000 - 0x00007ffb3443d000 	C:\WINDOWS\SYSTEM32\ncrypt.dll
0x00007ffb34320000 - 0x00007ffb34357000 	C:\WINDOWS\SYSTEM32\NTASN1.dll

dbghelp: loaded successfully - version: 4.0.5 - missing functions: none
symbol engine: initialized successfully - sym options: 0x614 - pdb path: .;C:\Program Files\Java\jdk-21\bin;C:\WINDOWS\SYSTEM32;C:\WINDOWS\WinSxS\amd64_microsoft.windows.common-controls_6595b64144ccf1df_6.0.22621.4391_none_2715d37f73803e96;C:\Program Files\Java\jdk-21\bin\server;C:\Program Files\JetBrains\IntelliJ IDEA Community Edition 2024.1\bin

VM Arguments:
jvm_args: -javaagent:C:\Program Files\JetBrains\IntelliJ IDEA Community Edition 2024.1\lib\idea_rt.jar=62805:C:\Program Files\JetBrains\IntelliJ IDEA Community Edition 2024.1\bin -Dfile.encoding=UTF-8 -Dsun.stdout.encoding=UTF-8 -Dsun.stderr.encoding=UTF-8 
java_command: com.springboot.blog.SpringbootBlogRestApiApplication
java_class_path (initial): C:\Users\Dainy\OneDrive\Desktop\Blog Application\springboot-blog-rest-api\target\classes;C:\Users\Dainy\.m2\repository\org\springframework\boot\spring-boot-starter-data-jpa\3.4.0\spring-boot-starter-data-jpa-3.4.0.jar;C:\Users\Dainy\.m2\repository\org\springframework\boot\spring-boot-starter\3.4.0\spring-boot-starter-3.4.0.jar;C:\Users\Dainy\.m2\repository\org\springframework\boot\spring-boot-starter-logging\3.4.0\spring-boot-starter-logging-3.4.0.jar;C:\Users\Dainy\.m2\repository\ch\qos\logback\logback-classic\1.5.12\logback-classic-1.5.12.jar;C:\Users\Dainy\.m2\repository\ch\qos\logback\logback-core\1.5.12\logback-core-1.5.12.jar;C:\Users\Dainy\.m2\repository\org\apache\logging\log4j\log4j-to-slf4j\2.24.1\log4j-to-slf4j-2.24.1.jar;C:\Users\Dainy\.m2\repository\org\apache\logging\log4j\log4j-api\2.24.1\log4j-api-2.24.1.jar;C:\Users\Dainy\.m2\repository\org\slf4j\jul-to-slf4j\2.0.16\jul-to-slf4j-2.0.16.jar;C:\Users\Dainy\.m2\repository\jakarta\annotation\jakarta.annotation-api\2.1.1\jakarta.annotation-api-2.1.1.jar;C:\Users\Dainy\.m2\repository\org\yaml\snakeyaml\2.3\snakeyaml-2.3.jar;C:\Users\Dainy\.m2\repository\org\springframework\boot\spring-boot-starter-jdbc\3.4.0\spring-boot-starter-jdbc-3.4.0.jar;C:\Users\Dainy\.m2\repository\com\zaxxer\HikariCP\5.1.0\HikariCP-5.1.0.jar;C:\Users\Dainy\.m2\repository\org\springframework\spring-jdbc\6.2.0\spring-jdbc-6.2.0.jar;C:\Users\Dainy\.m2\repository\org\hibernate\orm\hibernate-core\6.6.2.Final\hibernate-core-6.6.2.Final.jar;C:\Users\Dainy\.m2\repository\jakarta\persistence\jakarta.persistence-api\3.1.0\jakarta.persistence-api-3.1.0.jar;C:\Users\Dainy\.m2\repository\jakarta\transaction\jakarta.transaction-api\2.0.1\jakarta.transaction-api-2.0.1.jar;C:\Users\Dainy\.m2\repository\org\jboss\logging\jboss-logging\3.6.1.Final\jboss-logging-3.6.1.Final.jar;C:\Users\Dainy\.m2\repository\org\hibernate\common\hibernate-commons-annotations\7.0.3.Final\hibernate-commons-annotations-7.0.3.Final.jar;C:\Users\Dainy\.m2\repository\io\smallrye\jandex\3.2.0\jandex-3.2.0.jar;C:\Users\Dainy\.m2\repository\com\fasterxml\classmate\1.7.0\classmate-1.7.0.jar;C:\Users\Dainy\.m2\repository\net\bytebuddy\byte-buddy\1.15.10\byte-buddy-1.15.10.jar;C:\Users\Dainy\.m2\repository\org\glassfish\jaxb\jaxb-runtime\4.0.5\jaxb-runtime-4.0.5.jar;C:\Users\Dainy\.m2\repository\org\glassfish\jaxb\jaxb-core\4.0.5\jaxb-core-4.0.5.jar;C:\Users\Dainy\.m2\repository\org\eclipse\angus\angus-activation\2.0.2\angus-activation-2.0.2.jar;C:\Users\Dainy\.m2\repository\org\glassfish\jaxb\txw2\4.0.5\txw2-4.0.5.jar;C:\Users\Dainy\.m2\repository\com\sun\istack\istack-commons-runtime\4.1.2\istack-commons-runtime-4.1.2.jar;C:\Users\Dainy\.m2\repository\jakarta\inject\jakarta.inject-api\2.0.1\jakarta.inject-api-2.0.1.jar;C:\Users\Dainy\.m2\repository\org\antlr\antlr4-runtime\4.13.0\antlr4-runtime-4.13.0.jar;C:\Users\Dainy\.m2\repository\org\springframework\data\spring-data-jpa\3.4.0\spring-data-jpa-3.4.0.jar;C:\Users\Dainy\.m2\repository\org\springframework\data\spring-data-commons\3.4.0\spring-data-commons-3.4.0.jar;C:\Users\Dainy\.m2\repository\org\springframework\spring-orm\6.2.0\spring-orm-6.2.0.jar;C:\Users\Dainy\.m2\repository\org\springframework\spring-context\6.2.0\spring-context-6.2.0.jar;C:\Users\Dainy\.m2\repository\org\springframework\spring-aop\6.2.0\spring-aop-6.2.0.jar;C:\Users\Dainy\.m2\repository\org\springframework\spring-tx\6.2.0\spring-tx-6.2.0.jar;C:\Users\Dainy\.m2\repository\org\springframework\spring-beans\6.2.0\spring-beans-6.2.0.jar;C:\Users\Dainy\.m2\repository\org\slf4j\slf4j-api\2.0.16\slf4j-api-2.0.16.jar;C:\Users\Dainy\.m2\repository\org\springframework\spring-aspects\6.2.0\spring-aspects-6.2.0.jar;C:\Users\Dainy\.m2\repository\org\aspectj\aspectjweaver\1.9.22.1\aspectjweaver-1.9.22.1.jar;C:\Users\Dainy\.m2\repository\org\springframework\boot\spring-boot-starter-web\3.4.0\spring-boot-starter-web-3.4.0.jar;C:\Users\Dainy\.m2\repository\org\springframework\boot\spring-boot-starter-json\3.4.0\spring-boot-starter-json-3.4.0.jar;C:\Users\Dainy\.m2\repository\com\fasterxml\jackson\core\jackson-databind\2.18.1\jackson-databind-2.18.1.jar;C:\Users\Dainy\.m2\repository\com\fasterxml\jackson\core\jackson-annotations\2.18.1\jackson-annotations-2.18.1.jar;C:\Users\Dainy\.m2\repository\com\fasterxml\jackson\core\jackson-core\2.18.1\jackson-core-2.18.1.jar;C:\Users\Dainy\.m2\repository\com\fasterxml\jackson\datatype\jackson-datatype-jdk8\2.18.1\jackson-datatype-jdk8-2.18.1.jar;C:\Users\Dainy\.m2\repository\com\fasterxml\jackson\datatype\jackson-datatype-jsr310\2.18.1\jackson-datatype-jsr310-2.18.1.jar;C:\Users\Dainy\.m2\repository\com\fasterxml\jackson\module\jackson-module-parameter-names\2.18.1\jackson-module-parameter-names-2.18.1.jar;C:\Users\Dainy\.m2\repository\org\springframework\boot\spring-boot-starter-tomcat\3.4.0\spring-boot-starter-tomcat-3.4.0.jar;C:\Users\Dainy\.m2\repository\org\apache\tomcat\embed\tomcat-embed-core\10.1.33\tomcat-embed-core-10.1.33.jar;C:\Users\Dainy\.m2\repository\org\apache\tomcat\embed\tomcat-embed-el\10.1.33\tomcat-embed-el-10.1.33.jar;C:\Users\Dainy\.m2\repository\org\apache\tomcat\embed\tomcat-embed-websocket\10.1.33\tomcat-embed-websocket-10.1.33.jar;C:\Users\Dainy\.m2\repository\org\springframework\spring-web\6.2.0\spring-web-6.2.0.jar;C:\Users\Dainy\.m2\repository\io\micrometer\micrometer-observation\1.14.1\micrometer-observation-1.14.1.jar;C:\Users\Dainy\.m2\repository\io\micrometer\micrometer-commons\1.14.1\micrometer-commons-1.14.1.jar;C:\Users\Dainy\.m2\repository\org\springframework\spring-webmvc\6.2.0\spring-webmvc-6.2.0.jar;C:\Users\Dainy\.m2\repository\org\springframework\spring-expression\6.2.0\spring-expression-6.2.0.jar;C:\Users\Dainy\.m2\repository\org\springframework\boot\spring-boot-devtools\3.4.0\spring-boot-devtools-3.4.0.jar;C:\Users\Dainy\.m2\repository\org\springframework\boot\spring-boot\3.4.0\spring-boot-3.4.0.jar;C:\Users\Dainy\.m2\repository\org\springframework\boot\spring-boot-autoconfigure\3.4.0\spring-boot-autoconfigure-3.4.0.jar;C:\Users\Dainy\.m2\repository\com\mysql\mysql-connector-j\9.1.0\mysql-connector-j-9.1.0.jar;C:\Users\Dainy\.m2\repository\org\projectlombok\lombok\1.18.36\lombok-1.18.36.jar;C:\Users\Dainy\.m2\repository\jakarta\xml\bind\jakarta.xml.bind-api\4.0.2\jakarta.xml.bind-api-4.0.2.jar;C:\Users\Dainy\.m2\repository\jakarta\activation\jakarta.activation-api\2.1.3\jakarta.activation-api-2.1.3.jar;C:\Users\Dainy\.m2\repository\org\springframework\spring-core\6.2.0\spring-core-6.2.0.jar;C:\Users\Dainy\.m2\repository\org\springframework\spring-jcl\6.2.0\spring-jcl-6.2.0.jar
Launcher Type: SUN_STANDARD

[Global flags]
     intx CICompilerCount                          = 4                                         {product} {ergonomic}
     uint ConcGCThreads                            = 2                                         {product} {ergonomic}
     uint G1ConcRefinementThreads                  = 8                                         {product} {ergonomic}
   size_t G1HeapRegionSize                         = 1048576                                   {product} {ergonomic}
    uintx GCDrainStackTargetSize                   = 64                                        {product} {ergonomic}
   size_t InitialHeapSize                          = 132120576                                 {product} {ergonomic}
   size_t MarkStackSize                            = 4194304                                   {product} {ergonomic}
   size_t MaxHeapSize                              = 2103443456                                {product} {ergonomic}
   size_t MaxNewSize                               = 1261436928                                {product} {ergonomic}
   size_t MinHeapDeltaBytes                        = 1048576                                   {product} {ergonomic}
   size_t MinHeapSize                              = 8388608                                   {product} {ergonomic}
    uintx NonNMethodCodeHeapSize                   = 5839372                                {pd product} {ergonomic}
    uintx NonProfiledCodeHeapSize                  = 122909434                              {pd product} {ergonomic}
    uintx ProfiledCodeHeapSize                     = 122909434                              {pd product} {ergonomic}
    uintx ReservedCodeCacheSize                    = 251658240                              {pd product} {ergonomic}
     bool SegmentedCodeCache                       = true                                      {product} {ergonomic}
   size_t SoftMaxHeapSize                          = 2103443456                             {manageable} {ergonomic}
     bool UseCompressedOops                        = true                           {product lp64_product} {ergonomic}
     bool UseG1GC                                  = true                                      {product} {ergonomic}
     bool UseLargePagesIndividualAllocation        = false                                  {pd product} {ergonomic}

Logging:
Log output configuration:
 #0: stdout all=warning uptime,level,tags foldmultilines=false
 #1: stderr all=off uptime,level,tags foldmultilines=false

Environment Variables:
PATH=C:\Program Files\Common Files\Oracle\Java\javapath;C:\WINDOWS\system32;C:\WINDOWS;C:\WINDOWS\System32\Wbem;C:\WINDOWS\System32\WindowsPowerShell\v1.0\;C:\WINDOWS\System32\OpenSSH\;C:\Program Files\Java\jdk-21\bin;C:\Program Files\Amazon\AWSCLIV2\;C:\Program Files\Git\cmd;C:\Program Files\Git\mingw64\bin;C:\Program Files\Git\usr\bin;C:\Program Files\MySQL\MySQL Shell 8.0\bin\;C:\Users\Dainy\AppData\Local\Microsoft\WindowsApps;C:\Program Files\MongoDB\Server\7.0\bin;
USERNAME=Dainy
OS=Windows_NT
PROCESSOR_IDENTIFIER=Intel64 Family 6 Model 142 Stepping 12, GenuineIntel
TMP=C:\Users\Dainy\AppData\Local\Temp
TEMP=C:\Users\Dainy\AppData\Local\Temp




Periodic native trim disabled

---------------  S Y S T E M  ---------------

OS:
 Windows 11 , 64 bit Build 22621 (10.0.22621.4391)
OS uptime: 4 days 23:47 hours

CPU: total 8 (initial active 8) (4 cores per cpu, 2 threads per core) family 6 model 142 stepping 12 microcode 0xde, cx8, cmov, fxsr, ht, mmx, 3dnowpref, sse, sse2, sse3, ssse3, sse4.1, sse4.2, popcnt, lzcnt, tsc, tscinvbit, avx, avx2, aes, erms, clmul, bmi1, bmi2, adx, fma, vzeroupper, clflush, clflushopt, rdtscp, f16c
Processor Information for processor 0
  Max Mhz: 2112, Current Mhz: 1609, Mhz Limit: 1605
Processor Information for processor 1
  Max Mhz: 2112, Current Mhz: 1609, Mhz Limit: 1605
Processor Information for processor 2
  Max Mhz: 2112, Current Mhz: 1609, Mhz Limit: 1605
Processor Information for processor 3
  Max Mhz: 2112, Current Mhz: 1508, Mhz Limit: 1605
Processor Information for processor 4
  Max Mhz: 2112, Current Mhz: 1508, Mhz Limit: 1605
Processor Information for processor 5
  Max Mhz: 2112, Current Mhz: 1609, Mhz Limit: 1605
Processor Information for processor 6
  Max Mhz: 2112, Current Mhz: 1609, Mhz Limit: 1605
Processor Information for processor 7
  Max Mhz: 2112, Current Mhz: 1609, Mhz Limit: 1605

Memory: 4k page, system-wide physical 8022M (976M free)
TotalPageFile size 10070M (AvailPageFile size 5M)
current process WorkingSet (physical memory assigned to process): 132M, peak: 132M
current process commit charge ("private bytes"): 257M, peak: 258M

vm_info: Java HotSpot(TM) 64-Bit Server VM (21.0.1+12-LTS-29) for windows-amd64 JRE (21.0.1+12-LTS-29), built on 2023-10-05T13:27:09Z by "mach5one" with MS VC++ 17.1 (VS2022)

END.
